<?xml version="1.0" encoding="UTF-8"?>
<testsuite xmlns:xsi="http://www.w3.org/2001/XMLSchema-instance" xsi:noNamespaceSchemaLocation="https://maven.apache.org/surefire/maven-surefire-plugin/xsd/surefire-test-report-3.0.xsd" version="3.0" name="fr.sgfv.vehicules.VehiculeIntegrationTest" time="61.931" tests="3" errors="0" skipped="0" failures="0">
  <properties>
[...]
</properties>
  <testcase name="testFullVehiculeLifecycleWithKafka" classname="fr.sgfv.vehicules.VehiculeIntegrationTest" time="10.246">
    <system-out><![CDATA[16:37:31.990 [main] INFO org.springframework.test.context.support.AnnotationConfigContextLoaderUtils -- Could not detect default configuration classes for test class [fr.sgfv.vehicules.VehiculeIntegrationTest]: VehiculeIntegrationTest does not declare any static, non-private, non-final, nested classes annotated with @Configuration.
16:37:32.806 [main] INFO org.springframework.boot.test.context.SpringBootTestContextBootstrapper -- Found @SpringBootConfiguration fr.sgfv.vehicules.VehiculesApplication for test class fr.sgfv.vehicules.VehiculeIntegrationTest

  .   ____          _            __ _ _
 /\\ / ___'_ __ _ _(_)_ __  __ _ \ \ \ \
( ( )\___ | '_ | '_| | '_ \/ _` | \ \ \ \
 \\/  ___)| |_)| | | | | || (_| |  ) ) ) )
  '  |____| .__|_| |_|_| |_\__, | / / / /
 =========|_|==============|___/=/_/_/_/
 :: Spring Boot ::                (v3.2.3)

{"@timestamp":"2026-04-01T14:37:41.0371923Z","severity":"INFO","service":"","traceId":"","spanId":"","thread":"main","class":"k.utils.Log4jControllerRegistration$","message":"Registered kafka:type=kafka.Log4jController MBean"}
{"@timestamp":"2026-04-01T14:37:41.1899215Z","severity":"INFO","service":"","traceId":"","spanId":"","thread":"main","class":"org.apache.zookeeper.common.X509Util","message":"Setting -D jdk.tls.rejectClientInitiatedRenegotiation=true to disable client-initiated TLS renegotiation"}
{"@timestamp":"2026-04-01T14:37:41.8667965Z","severity":"INFO","service":"","traceId":"","spanId":"","thread":"kafka-cluster-test-kit-executor-1","class":"kafka.server.ControllerServer","message":"Formatting C:\\Users\\Lynda\\AppData\\Local\\Temp\\kafka-16916488271285857784\\controller_0 with metadata.version 3.3-IV0."}
{"@timestamp":"2026-04-01T14:37:41.8801945Z","severity":"INFO","service":"","traceId":"","spanId":"","thread":"kafka-cluster-test-kit-executor-2","class":"kafka.server.ControllerServer","message":"[ControllerServer id=0] Starting controller"}
{"@timestamp":"2026-04-01T14:37:41.8816034Z","severity":"INFO","service":"","traceId":"","spanId":"","thread":"kafka-cluster-test-kit-executor-3","class":"kafka.server.BrokerServer","message":"[BrokerServer id=0] Transition from SHUTDOWN to STARTING"}
{"@timestamp":"2026-04-01T14:37:41.9015351Z","severity":"INFO","service":"","traceId":"","spanId":"","thread":"kafka-cluster-test-kit-executor-3","class":"kafka.server.SharedServer","message":"[SharedServer id=0] Starting SharedServer"}
{"@timestamp":"2026-04-01T14:37:42.0170698Z","severity":"INFO","service":"","traceId":"","spanId":"","thread":"kafka-cluster-test-kit-executor-2","class":"o.a.k.s.network.EndpointReadyFutures","message":"authorizerStart completed for endpoint CONTROLLER. Endpoint is now READY."}
{"@timestamp":"2026-04-01T14:37:42.440931Z","severity":"INFO","service":"","traceId":"","spanId":"","thread":"kafka-cluster-test-kit-executor-3","class":"kafka.log.UnifiedLog$","message":"[LogLoader partition=__cluster_metadata-0, dir=C:\\Users\\Lynda\\AppData\\Local\\Temp\\kafka-16916488271285857784\\controller_0] Loading producer state till offset 0 with message format version 2"}
{"@timestamp":"2026-04-01T14:37:42.4429625Z","severity":"INFO","service":"","traceId":"","spanId":"","thread":"kafka-cluster-test-kit-executor-3","class":"kafka.log.UnifiedLog$","message":"[LogLoader partition=__cluster_metadata-0, dir=C:\\Users\\Lynda\\AppData\\Local\\Temp\\kafka-16916488271285857784\\controller_0] Reloading from producer snapshot and rebuilding producer state from offset 0"}
{"@timestamp":"2026-04-01T14:37:42.4449952Z","severity":"INFO","service":"","traceId":"","spanId":"","thread":"kafka-cluster-test-kit-executor-3","class":"kafka.log.UnifiedLog$","message":"[LogLoader partition=__cluster_metadata-0, dir=C:\\Users\\Lynda\\AppData\\Local\\Temp\\kafka-16916488271285857784\\controller_0] Producer state recovery took 0ms for snapshot load and 0ms for segment recovery from offset 0"}
{"@timestamp":"2026-04-01T14:37:42.6722694Z","severity":"INFO","service":"","traceId":"","spanId":"","thread":"kafka-cluster-test-kit-executor-3","class":"kafka.raft.KafkaMetadataLog$","message":"Initialized snapshots with IDs SortedSet() from C:\\Users\\Lynda\\AppData\\Local\\Temp\\kafka-16916488271285857784\\controller_0\\__cluster_metadata-0"}
{"@timestamp":"2026-04-01T14:37:42.9885267Z","severity":"INFO","service":"","traceId":"","spanId":"","thread":"raft-expiration-reaper","class":"k.r.TimingWheelExpirationService$ExpiredOperationReaper","message":"[raft-expiration-reaper]: Starting"}
{"@timestamp":"2026-04-01T14:37:43.2198082Z","severity":"INFO","service":"","traceId":"","spanId":"","thread":"kafka-cluster-test-kit-executor-3","class":"org.apache.kafka.raft.QuorumState","message":"[RaftManager id=0] Completed transition to Unattached(epoch=0, voters=[0], electionTimeoutMs=1477) from null"}
{"@timestamp":"2026-04-01T14:37:43.247263Z","severity":"INFO","service":"","traceId":"","spanId":"","thread":"kafka-cluster-test-kit-executor-3","class":"org.apache.kafka.raft.QuorumState","message":"[RaftManager id=0] Completed transition to CandidateState(localId=0, epoch=1, retries=1, voteStates={0=GRANTED}, highWatermark=Optional.empty, electionTimeoutMs=1164) from Unattached(epoch=0, voters=[0], electionTimeoutMs=1477)"}
{"@timestamp":"2026-04-01T14:37:43.2910787Z","severity":"INFO","service":"","traceId":"","spanId":"","thread":"kafka-cluster-test-kit-executor-3","class":"org.apache.kafka.raft.QuorumState","message":"[RaftManager id=0] Completed transition to Leader(localId=0, epoch=1, epochStartOffset=0, highWatermark=Optional.empty, voterStates={0=ReplicaState(nodeId=0, endOffset=Optional.empty, lastFetchTimestamp=-1, lastCaughtUpTimestamp=-1, hasAcknowledgedLeader=true)}) from CandidateState(localId=0, epoch=1, retries=1, voteStates={0=GRANTED}, highWatermark=Optional.empty, electionTimeoutMs=1164)"}
{"@timestamp":"2026-04-01T14:37:44.5960038Z","severity":"INFO","service":"","traceId":"","spanId":"","thread":"kafka-cluster-test-kit-executor-2","class":"kafka.network.ConnectionQuotas","message":"Updated connection-accept-rate max connection creation rate to 2147483647"}
{"@timestamp":"2026-04-01T14:37:44.6346688Z","severity":"INFO","service":"","traceId":"","spanId":"","thread":"kafka-cluster-test-kit-executor-2","class":"kafka.network.DataPlaneAcceptor","message":"Awaiting socket connections on localhost:53635."}
{"@timestamp":"2026-04-01T14:37:44.6383847Z","severity":"INFO","service":"","traceId":"","spanId":"","thread":"kafka-cluster-test-kit-executor-2","class":"kafka.network.DataPlaneAcceptor","message":"Opened wildcard endpoint localhost:53635"}
{"@timestamp":"2026-04-01T14:37:44.7177682Z","severity":"INFO","service":"","traceId":"","spanId":"","thread":"kafka-cluster-test-kit-executor-2","class":"kafka.network.SocketServer","message":"[SocketServer listenerType=CONTROLLER, nodeId=0] Created data-plane acceptor and processors for endpoint : ListenerName(CONTROLLER)"}
{"@timestamp":"2026-04-01T14:37:44.7489185Z","severity":"INFO","service":"","traceId":"","spanId":"","thread":"kafka-0-raft-io-thread","class":"k.raft.KafkaRaftManager$RaftIoThread","message":"[kafka-0-raft-io-thread]: Starting"}
{"@timestamp":"2026-04-01T14:37:44.7489185Z","severity":"INFO","service":"","traceId":"","spanId":"","thread":"kafka-0-raft-outbound-request-thread","class":"kafka.raft.RaftSendThread","message":"[kafka-0-raft-outbound-request-thread]: Starting"}
{"@timestamp":"2026-04-01T14:37:44.8352013Z","severity":"INFO","service":"","traceId":"","spanId":"","thread":"kafka-0-raft-io-thread","class":"org.apache.kafka.raft.LeaderState","message":"[RaftManager id=0] High watermark set to LogOffsetMetadata(offset=1, metadata=Optional[(segmentBaseOffset=0,relativePositionInSegment=91)]) for the first time for epoch 1 based on indexOfHw 0 and voters [ReplicaState(nodeId=0, endOffset=Optional[LogOffsetMetadata(offset=1, metadata=Optional[(segmentBaseOffset=0,relativePositionInSegment=91)])], lastFetchTimestamp=-1, lastCaughtUpTimestamp=-1, hasAcknowledgedLeader=true)]"}
{"@timestamp":"2026-04-01T14:37:44.9423735Z","severity":"INFO","service":"","traceId":"","spanId":"","thread":"kafka-0-metadata-loader-event-handler","class":"o.a.kafka.image.loader.MetadataLoader","message":"[MetadataLoader id=0] initializeNewPublishers: The loader is still catching up because we have loaded up to offset -1, but the high water mark is 1"}
{"@timestamp":"2026-04-01T14:37:44.9454375Z","severity":"INFO","service":"","traceId":"","spanId":"","thread":"kafka-cluster-test-kit-executor-3","class":"kafka.server.BrokerServer","message":"[BrokerServer id=0] Starting broker"}
{"@timestamp":"2026-04-01T14:37:44.9505054Z","severity":"INFO","service":"","traceId":"","spanId":"","thread":"kafka-0-raft-io-thread","class":"org.apache.kafka.raft.KafkaRaftClient","message":"[RaftManager id=0] Registered the listener org.apache.kafka.image.loader.MetadataLoader@488167954"}
{"@timestamp":"2026-04-01T14:37:44.9514366Z","severity":"INFO","service":"","traceId":"","spanId":"","thread":"kafka-cluster-test-kit-executor-2","class":"kafka.server.ControllerServer","message":"[ControllerServer id=0] Waiting for controller quorum voters future"}
{"@timestamp":"2026-04-01T14:37:44.9524504Z","severity":"INFO","service":"","traceId":"","spanId":"","thread":"kafka-cluster-test-kit-executor-2","class":"kafka.server.ControllerServer","message":"[ControllerServer id=0] Finished waiting for controller quorum voters future"}
{"@timestamp":"2026-04-01T14:37:45.0555279Z","severity":"INFO","service":"","traceId":"","spanId":"","thread":"kafka-0-metadata-loader-event-handler","class":"o.a.kafka.image.loader.MetadataLoader","message":"[MetadataLoader id=0] initializeNewPublishers: The loader is still catching up because we have loaded up to offset -1, but the high water mark is 1"}
{"@timestamp":"2026-04-01T14:37:45.1319312Z","severity":"INFO","service":"","traceId":"","spanId":"","thread":"kafka-0-metadata-loader-event-handler","class":"o.a.kafka.image.loader.MetadataLoader","message":"[MetadataLoader id=0] maybePublishMetadata(LOG_DELTA): The loader is still catching up because we have not loaded a controller record as of offset 0 and high water mark is 1"}
{"@timestamp":"2026-04-01T14:37:45.1593073Z","severity":"INFO","service":"","traceId":"","spanId":"","thread":"kafka-0-metadata-loader-event-handler","class":"o.a.kafka.image.loader.MetadataLoader","message":"[MetadataLoader id=0] initializeNewPublishers: The loader finished catching up to the current high water mark of 1"}
{"@timestamp":"2026-04-01T14:37:45.1807384Z","severity":"INFO","service":"","traceId":"","spanId":"","thread":"broker-0-ThrottledChannelReaper-Request","class":"k.s.ClientQuotaManager$ThrottledChannelReaper","message":"[broker-0-ThrottledChannelReaper-Request]: Starting"}
{"@timestamp":"2026-04-01T14:37:45.182758Z","severity":"INFO","service":"","traceId":"","spanId":"","thread":"broker-0-ThrottledChannelReaper-Fetch","class":"k.s.ClientQuotaManager$ThrottledChannelReaper","message":"[broker-0-ThrottledChannelReaper-Fetch]: Starting"}
{"@timestamp":"2026-04-01T14:37:45.1847767Z","severity":"INFO","service":"","traceId":"","spanId":"","thread":"broker-0-ThrottledChannelReaper-Produce","class":"k.s.ClientQuotaManager$ThrottledChannelReaper","message":"[broker-0-ThrottledChannelReaper-Produce]: Starting"}
{"@timestamp":"2026-04-01T14:37:45.2088349Z","severity":"INFO","service":"","traceId":"","spanId":"","thread":"broker-0-ThrottledChannelReaper-ControllerMutation","class":"k.s.ClientQuotaManager$ThrottledChannelReaper","message":"[broker-0-ThrottledChannelReaper-ControllerMutation]: Starting"}
{"@timestamp":"2026-04-01T14:37:45.2239065Z","severity":"INFO","service":"","traceId":"","spanId":"","thread":"kafka-0-metadata-loader-event-handler","class":"o.a.kafka.image.loader.MetadataLoader","message":"[MetadataLoader id=0] InitializeNewPublishers: initializing SnapshotGenerator with a snapshot at offset 0"}
{"@timestamp":"2026-04-01T14:37:45.3128617Z","severity":"INFO","service":"","traceId":"","spanId":"","thread":"kafka-cluster-test-kit-executor-3","class":"kafka.log.LogManager","message":"Log directory C:\\Users\\Lynda\\AppData\\Local\\Temp\\kafka-16916488271285857784\\broker_0_data0 not found, creating it."}
{"@timestamp":"2026-04-01T14:37:45.3544889Z","severity":"INFO","service":"","traceId":"","spanId":"","thread":"kafka-cluster-test-kit-executor-3","class":"kafka.server.BrokerServer","message":"[BrokerServer id=0] Waiting for controller quorum voters future"}
{"@timestamp":"2026-04-01T14:37:45.3544889Z","severity":"INFO","service":"","traceId":"","spanId":"","thread":"kafka-cluster-test-kit-executor-3","class":"kafka.server.BrokerServer","message":"[BrokerServer id=0] Finished waiting for controller quorum voters future"}
{"@timestamp":"2026-04-01T14:37:45.416868Z","severity":"INFO","service":"","traceId":"","spanId":"","thread":"broker-0-to-controller-forwarding-channel-manager","class":"k.server.BrokerToControllerRequestThread","message":"[broker-0-to-controller-forwarding-channel-manager]: Starting"}
{"@timestamp":"2026-04-01T14:37:45.4295809Z","severity":"INFO","service":"","traceId":"","spanId":"","thread":"broker-0-to-controller-forwarding-channel-manager","class":"k.server.BrokerToControllerRequestThread","message":"[broker-0-to-controller-forwarding-channel-manager]: Recorded new controller, from now on will use node localhost:53635 (id: 0 rack: null)"}
{"@timestamp":"2026-04-01T14:37:45.4335974Z","severity":"INFO","service":"","traceId":"","spanId":"","thread":"kafka-cluster-test-kit-executor-2","class":"o.a.kafka.controller.QuorumController","message":"[QuorumController id=0] Creating new QuorumController with clusterId T1ViPxaXR6-K-JD1_TDZ6Q."}
{"@timestamp":"2026-04-01T14:37:45.4361306Z","severity":"INFO","service":"","traceId":"","spanId":"","thread":"kafka-0-raft-io-thread","class":"org.apache.kafka.raft.KafkaRaftClient","message":"[RaftManager id=0] Registered the listener org.apache.kafka.controller.QuorumController$QuorumMetaLogListener@1888490084"}
{"@timestamp":"2026-04-01T14:37:45.4361306Z","severity":"INFO","service":"","traceId":"","spanId":"","thread":"controller-0-ThrottledChannelReaper-Fetch","class":"k.s.ClientQuotaManager$ThrottledChannelReaper","message":"[controller-0-ThrottledChannelReaper-Fetch]: Starting"}
{"@timestamp":"2026-04-01T14:37:45.4361306Z","severity":"INFO","service":"","traceId":"","spanId":"","thread":"controller-0-ThrottledChannelReaper-Produce","class":"k.s.ClientQuotaManager$ThrottledChannelReaper","message":"[controller-0-ThrottledChannelReaper-Produce]: Starting"}
{"@timestamp":"2026-04-01T14:37:45.4492517Z","severity":"INFO","service":"","traceId":"","spanId":"","thread":"controller-0-ThrottledChannelReaper-Request","class":"k.s.ClientQuotaManager$ThrottledChannelReaper","message":"[controller-0-ThrottledChannelReaper-Request]: Starting"}
{"@timestamp":"2026-04-01T14:37:45.4585061Z","severity":"INFO","service":"","traceId":"","spanId":"","thread":"controller-0-ThrottledChannelReaper-ControllerMutation","class":"k.s.ClientQuotaManager$ThrottledChannelReaper","message":"[controller-0-ThrottledChannelReaper-ControllerMutation]: Starting"}
{"@timestamp":"2026-04-01T14:37:45.4613732Z","severity":"INFO","service":"","traceId":"","spanId":"","thread":"quorum-controller-0-event-handler","class":"o.a.kafka.controller.QuorumController","message":"[QuorumController id=0] Becoming the active controller at epoch 1, next write offset 1."}
{"@timestamp":"2026-04-01T14:37:45.5061658Z","severity":"WARN","service":"","traceId":"","spanId":"","thread":"quorum-controller-0-event-handler","class":"o.a.kafka.controller.QuorumController","message":"[QuorumController id=0] Performing controller activation. The metadata log appears to be empty. Appending 1 bootstrap record(s) in metadata transaction at metadata.version 3.6-IV2 from bootstrap source 'testkit'. Setting the ZK migration state to NONE since this is a de-novo KRaft cluster."}
{"@timestamp":"2026-04-01T14:37:45.5214832Z","severity":"INFO","service":"","traceId":"","spanId":"","thread":"quorum-controller-0-event-handler","class":"o.a.k.controller.OffsetControlManager","message":"[QuorumController id=0] Replayed BeginTransactionRecord(name='Bootstrap records') at offset 1."}
{"@timestamp":"2026-04-01T14:37:45.5269588Z","severity":"INFO","service":"","traceId":"","spanId":"","thread":"quorum-controller-0-event-handler","class":"o.a.k.controller.FeatureControlManager","message":"[QuorumController id=0] Replayed a FeatureLevelRecord setting metadata version to 3.6-IV2"}
{"@timestamp":"2026-04-01T14:37:45.5330293Z","severity":"INFO","service":"","traceId":"","spanId":"","thread":"quorum-controller-0-event-handler","class":"o.a.k.controller.OffsetControlManager","message":"[QuorumController id=0] Replayed EndTransactionRecord() at offset 4."}
{"@timestamp":"2026-04-01T14:37:45.6194182Z","severity":"INFO","service":"","traceId":"","spanId":"","thread":"ExpirationReaper-0-AlterAcls","class":"k.s.DelayedOperationPurgatory$ExpiredOperationReaper","message":"[ExpirationReaper-0-AlterAcls]: Starting"}
{"@timestamp":"2026-04-01T14:37:45.6936235Z","severity":"INFO","service":"","traceId":"","spanId":"","thread":"kafka-cluster-test-kit-executor-2","class":"kafka.server.ControllerServer","message":"[ControllerServer id=0] Waiting for the controller metadata publishers to be installed"}
{"@timestamp":"2026-04-01T14:37:45.694244Z","severity":"INFO","service":"","traceId":"","spanId":"","thread":"kafka-cluster-test-kit-executor-2","class":"kafka.server.ControllerServer","message":"[ControllerServer id=0] Finished waiting for the controller metadata publishers to be installed"}
{"@timestamp":"2026-04-01T14:37:45.694244Z","severity":"INFO","service":"","traceId":"","spanId":"","thread":"kafka-0-metadata-loader-event-handler","class":"o.a.kafka.image.loader.MetadataLoader","message":"[MetadataLoader id=0] InitializeNewPublishers: initializing FeaturesPublisher with a snapshot at offset 4"}
{"@timestamp":"2026-04-01T14:37:45.694244Z","severity":"INFO","service":"","traceId":"","spanId":"","thread":"kafka-0-metadata-loader-event-handler","class":"o.a.kafka.image.loader.MetadataLoader","message":"[MetadataLoader id=0] InitializeNewPublishers: initializing DynamicConfigPublisher controller id=0 with a snapshot at offset 4"}
{"@timestamp":"2026-04-01T14:37:45.6952621Z","severity":"INFO","service":"","traceId":"","spanId":"","thread":"kafka-cluster-test-kit-executor-2","class":"kafka.network.SocketServer","message":"[SocketServer listenerType=CONTROLLER, nodeId=0] Enabling request processing."}
{"@timestamp":"2026-04-01T14:37:45.6972661Z","severity":"INFO","service":"","traceId":"","spanId":"","thread":"kafka-0-metadata-loader-event-handler","class":"o.a.kafka.image.loader.MetadataLoader","message":"[MetadataLoader id=0] InitializeNewPublishers: initializing DynamicClientQuotaPublisher controller id=0 with a snapshot at offset 4"}
{"@timestamp":"2026-04-01T14:37:45.7013458Z","severity":"INFO","service":"","traceId":"","spanId":"","thread":"kafka-0-metadata-loader-event-handler","class":"o.a.kafka.image.loader.MetadataLoader","message":"[MetadataLoader id=0] InitializeNewPublishers: initializing ScramPublisher controller id=0 with a snapshot at offset 4"}
{"@timestamp":"2026-04-01T14:37:45.7154274Z","severity":"INFO","service":"","traceId":"","spanId":"","thread":"kafka-0-metadata-loader-event-handler","class":"o.a.kafka.image.loader.MetadataLoader","message":"[MetadataLoader id=0] InitializeNewPublishers: initializing DelegationTokenPublisher controller id=0 with a snapshot at offset 4"}
{"@timestamp":"2026-04-01T14:37:45.7164554Z","severity":"INFO","service":"","traceId":"","spanId":"","thread":"kafka-cluster-test-kit-executor-2","class":"kafka.server.ControllerServer","message":"[ControllerServer id=0] Waiting for all of the authorizer futures to be completed"}
{"@timestamp":"2026-04-01T14:37:45.7184913Z","severity":"INFO","service":"","traceId":"","spanId":"","thread":"kafka-cluster-test-kit-executor-2","class":"kafka.server.ControllerServer","message":"[ControllerServer id=0] Finished waiting for all of the authorizer futures to be completed"}
{"@timestamp":"2026-04-01T14:37:45.7184913Z","severity":"INFO","service":"","traceId":"","spanId":"","thread":"kafka-cluster-test-kit-executor-2","class":"kafka.server.ControllerServer","message":"[ControllerServer id=0] Waiting for all of the SocketServer Acceptors to be started"}
{"@timestamp":"2026-04-01T14:37:45.7184913Z","severity":"INFO","service":"","traceId":"","spanId":"","thread":"kafka-cluster-test-kit-executor-2","class":"kafka.server.ControllerServer","message":"[ControllerServer id=0] Finished waiting for all of the SocketServer Acceptors to be started"}
{"@timestamp":"2026-04-01T14:37:45.7285359Z","severity":"INFO","service":"","traceId":"","spanId":"","thread":"kafka-0-metadata-loader-event-handler","class":"o.a.kafka.image.loader.MetadataLoader","message":"[MetadataLoader id=0] InitializeNewPublishers: initializing ControllerMetadataMetricsPublisher with a snapshot at offset 4"}
{"@timestamp":"2026-04-01T14:37:45.732531Z","severity":"INFO","service":"","traceId":"","spanId":"","thread":"kafka-0-metadata-loader-event-handler","class":"o.a.kafka.image.loader.MetadataLoader","message":"[MetadataLoader id=0] InitializeNewPublishers: initializing AclPublisher controller id=0 with a snapshot at offset 4"}
{"@timestamp":"2026-04-01T14:37:45.7365766Z","severity":"INFO","service":"","traceId":"","spanId":"","thread":"kafka-cluster-test-kit-executor-3","class":"kafka.network.ConnectionQuotas","message":"Updated connection-accept-rate max connection creation rate to 2147483647"}
{"@timestamp":"2026-04-01T14:37:45.744632Z","severity":"INFO","service":"","traceId":"","spanId":"","thread":"kafka-cluster-test-kit-executor-3","class":"kafka.network.DataPlaneAcceptor","message":"Awaiting socket connections on localhost:53636."}
{"@timestamp":"2026-04-01T14:37:45.7456353Z","severity":"INFO","service":"","traceId":"","spanId":"","thread":"kafka-cluster-test-kit-executor-3","class":"kafka.network.DataPlaneAcceptor","message":"Opened wildcard endpoint localhost:53636"}
{"@timestamp":"2026-04-01T14:37:45.7710419Z","severity":"INFO","service":"","traceId":"","spanId":"","thread":"kafka-cluster-test-kit-executor-3","class":"kafka.network.SocketServer","message":"[SocketServer listenerType=BROKER, nodeId=0] Created data-plane acceptor and processors for endpoint : ListenerName(EXTERNAL)"}
{"@timestamp":"2026-04-01T14:37:45.8035611Z","severity":"INFO","service":"","traceId":"","spanId":"","thread":"broker-0-to-controller-alter-partition-channel-manager","class":"k.server.BrokerToControllerRequestThread","message":"[broker-0-to-controller-alter-partition-channel-manager]: Starting"}
{"@timestamp":"2026-04-01T14:37:45.8205544Z","severity":"INFO","service":"","traceId":"","spanId":"","thread":"broker-0-to-controller-alter-partition-channel-manager","class":"k.server.BrokerToControllerRequestThread","message":"[broker-0-to-controller-alter-partition-channel-manager]: Recorded new controller, from now on will use node localhost:53635 (id: 0 rack: null)"}
{"@timestamp":"2026-04-01T14:37:45.9826205Z","severity":"INFO","service":"","traceId":"","spanId":"","thread":"ExpirationReaper-0-Produce","class":"k.s.DelayedOperationPurgatory$ExpiredOperationReaper","message":"[ExpirationReaper-0-Produce]: Starting"}
{"@timestamp":"2026-04-01T14:37:45.9876616Z","severity":"INFO","service":"","traceId":"","spanId":"","thread":"ExpirationReaper-0-DeleteRecords","class":"k.s.DelayedOperationPurgatory$ExpiredOperationReaper","message":"[ExpirationReaper-0-DeleteRecords]: Starting"}
{"@timestamp":"2026-04-01T14:37:45.9954964Z","severity":"INFO","service":"","traceId":"","spanId":"","thread":"ExpirationReaper-0-Fetch","class":"k.s.DelayedOperationPurgatory$ExpiredOperationReaper","message":"[ExpirationReaper-0-Fetch]: Starting"}
{"@timestamp":"2026-04-01T14:37:45.9997011Z","severity":"INFO","service":"","traceId":"","spanId":"","thread":"ExpirationReaper-0-ElectLeader","class":"k.s.DelayedOperationPurgatory$ExpiredOperationReaper","message":"[ExpirationReaper-0-ElectLeader]: Starting"}
{"@timestamp":"2026-04-01T14:37:46.006238Z","severity":"INFO","service":"","traceId":"","spanId":"","thread":"ExpirationReaper-0-RemoteFetch","class":"k.s.DelayedOperationPurgatory$ExpiredOperationReaper","message":"[ExpirationReaper-0-RemoteFetch]: Starting"}
{"@timestamp":"2026-04-01T14:37:46.1661719Z","severity":"INFO","service":"","traceId":"","spanId":"","thread":"ExpirationReaper-0-Heartbeat","class":"k.s.DelayedOperationPurgatory$ExpiredOperationReaper","message":"[ExpirationReaper-0-Heartbeat]: Starting"}
{"@timestamp":"2026-04-01T14:37:46.1694688Z","severity":"INFO","service":"","traceId":"","spanId":"","thread":"ExpirationReaper-0-Rebalance","class":"k.s.DelayedOperationPurgatory$ExpiredOperationReaper","message":"[ExpirationReaper-0-Rebalance]: Starting"}
{"@timestamp":"2026-04-01T14:37:46.3916831Z","severity":"INFO","service":"","traceId":"","spanId":"","thread":"broker-0-to-controller-heartbeat-channel-manager","class":"k.server.BrokerToControllerRequestThread","message":"[broker-0-to-controller-heartbeat-channel-manager]: Starting"}
{"@timestamp":"2026-04-01T14:37:46.3937055Z","severity":"INFO","service":"","traceId":"","spanId":"","thread":"broker-0-to-controller-heartbeat-channel-manager","class":"k.server.BrokerToControllerRequestThread","message":"[broker-0-to-controller-heartbeat-channel-manager]: Recorded new controller, from now on will use node localhost:53635 (id: 0 rack: null)"}
{"@timestamp":"2026-04-01T14:37:46.4143484Z","severity":"INFO","service":"","traceId":"","spanId":"","thread":"broker-0-lifecycle-manager-event-handler","class":"kafka.server.BrokerLifecycleManager","message":"[BrokerLifecycleManager id=0] Incarnation A2KxiaQVQaKn5H-YlERemg of broker 0 in cluster T1ViPxaXR6-K-JD1_TDZ6Q is now STARTING."}
{"@timestamp":"2026-04-01T14:37:46.6089598Z","severity":"INFO","service":"","traceId":"","spanId":"","thread":"ExpirationReaper-0-AlterAcls","class":"k.s.DelayedOperationPurgatory$ExpiredOperationReaper","message":"[ExpirationReaper-0-AlterAcls]: Starting"}
{"@timestamp":"2026-04-01T14:37:46.6813752Z","severity":"INFO","service":"","traceId":"","spanId":"","thread":"kafka-cluster-test-kit-executor-3","class":"kafka.server.BrokerServer","message":"[BrokerServer id=0] Waiting for the broker metadata publishers to be installed"}
{"@timestamp":"2026-04-01T14:37:46.6813752Z","severity":"INFO","service":"","traceId":"","spanId":"","thread":"kafka-cluster-test-kit-executor-3","class":"kafka.server.BrokerServer","message":"[BrokerServer id=0] Finished waiting for the broker metadata publishers to be installed"}
{"@timestamp":"2026-04-01T14:37:46.6813752Z","severity":"INFO","service":"","traceId":"","spanId":"","thread":"kafka-0-metadata-loader-event-handler","class":"o.a.kafka.image.loader.MetadataLoader","message":"[MetadataLoader id=0] InitializeNewPublishers: initializing BrokerMetadataPublisher with a snapshot at offset 6"}
{"@timestamp":"2026-04-01T14:37:46.6813752Z","severity":"INFO","service":"","traceId":"","spanId":"","thread":"kafka-cluster-test-kit-executor-3","class":"kafka.server.BrokerServer","message":"[BrokerServer id=0] Waiting for the controller to acknowledge that we are caught up"}
{"@timestamp":"2026-04-01T14:37:46.684422Z","severity":"INFO","service":"","traceId":"","spanId":"","thread":"kafka-0-metadata-loader-event-handler","class":"k.s.metadata.BrokerMetadataPublisher","message":"[BrokerMetadataPublisher id=0] Publishing initial metadata at offset OffsetAndEpoch(offset=6, epoch=1) with metadata.version 3.6-IV2."}
{"@timestamp":"2026-04-01T14:37:46.687988Z","severity":"INFO","service":"","traceId":"","spanId":"","thread":"kafka-0-metadata-loader-event-handler","class":"kafka.log.LogManager","message":"Loading logs from log dirs ArraySeq(C:\\Users\\Lynda\\AppData\\Local\\Temp\\kafka-16916488271285857784\\broker_0_data0)"}
{"@timestamp":"2026-04-01T14:37:46.7186223Z","severity":"INFO","service":"","traceId":"","spanId":"","thread":"kafka-0-metadata-loader-event-handler","class":"kafka.log.LogManager","message":"No logs found to be loaded in C:\\Users\\Lynda\\AppData\\Local\\Temp\\kafka-16916488271285857784\\broker_0_data0"}
{"@timestamp":"2026-04-01T14:37:46.7609158Z","severity":"INFO","service":"","traceId":"","spanId":"","thread":"kafka-0-metadata-loader-event-handler","class":"kafka.log.LogManager","message":"Loaded 0 logs in 64ms"}
{"@timestamp":"2026-04-01T14:37:46.7685968Z","severity":"INFO","service":"","traceId":"","spanId":"","thread":"kafka-0-metadata-loader-event-handler","class":"kafka.log.LogManager","message":"Starting log cleanup with a period of 300000 ms."}
{"@timestamp":"2026-04-01T14:37:46.7864616Z","severity":"INFO","service":"","traceId":"","spanId":"","thread":"kafka-0-metadata-loader-event-handler","class":"kafka.log.LogManager","message":"Starting log flusher with a default period of 9223372036854775807 ms."}
{"@timestamp":"2026-04-01T14:37:46.8888786Z","severity":"INFO","service":"","traceId":"","spanId":"","thread":"quorum-controller-0-event-handler","class":"o.a.k.controller.ClusterControlManager","message":"[QuorumController id=0] Replayed initial RegisterBrokerRecord for broker 0: RegisterBrokerRecord(brokerId=0, isMigratingZkBroker=false, incarnationId=A2KxiaQVQaKn5H-YlERemg, brokerEpoch=7, endPoints=[BrokerEndpoint(name='EXTERNAL', host='localhost', port=53636, securityProtocol=0)], features=[BrokerFeature(name='metadata.version', minSupportedVersion=1, maxSupportedVersion=14)], rack=null, fenced=true, inControlledShutdown=false)"}
{"@timestamp":"2026-04-01T14:37:46.943608Z","severity":"INFO","service":"","traceId":"","spanId":"","thread":"broker-0-to-controller-heartbeat-channel-manager","class":"kafka.server.BrokerLifecycleManager","message":"[BrokerLifecycleManager id=0] Successfully registered broker 0 with broker epoch 7"}
{"@timestamp":"2026-04-01T14:37:46.9727305Z","severity":"INFO","service":"","traceId":"","spanId":"","thread":"kafka-0-metadata-loader-event-handler","class":"kafka.log.LogCleaner","message":"Starting the log cleaner"}
{"@timestamp":"2026-04-01T14:37:47.1418776Z","severity":"INFO","service":"","traceId":"","spanId":"","thread":"kafka-0-metadata-loader-event-handler","class":"k.coordinator.group.GroupCoordinator","message":"[GroupCoordinator 0]: Starting up."}
{"@timestamp":"2026-04-01T14:37:47.1448763Z","severity":"INFO","service":"","traceId":"","spanId":"","thread":"kafka-log-cleaner-thread-0","class":"kafka.log.LogCleaner$CleanerThread","message":"[kafka-log-cleaner-thread-0]: Starting"}
{"@timestamp":"2026-04-01T14:37:47.149401Z","severity":"INFO","service":"","traceId":"","spanId":"","thread":"LogDirFailureHandler","class":"k.s.ReplicaManager$LogDirFailureHandler","message":"[LogDirFailureHandler]: Starting"}
{"@timestamp":"2026-04-01T14:37:47.1514681Z","severity":"INFO","service":"","traceId":"","spanId":"","thread":"AddPartitionsToTxnSenderThread-0","class":"kafka.server.AddPartitionsToTxnManager","message":"[AddPartitionsToTxnSenderThread-0]: Starting"}
{"@timestamp":"2026-04-01T14:37:47.1550614Z","severity":"INFO","service":"","traceId":"","spanId":"","thread":"kafka-0-metadata-loader-event-handler","class":"k.coordinator.group.GroupCoordinator","message":"[GroupCoordinator 0]: Startup complete."}
{"@timestamp":"2026-04-01T14:37:47.1639689Z","severity":"INFO","service":"","traceId":"","spanId":"","thread":"kafka-0-metadata-loader-event-handler","class":"k.c.transaction.TransactionCoordinator","message":"[TransactionCoordinator id=0] Starting up."}
{"@timestamp":"2026-04-01T14:37:47.1696451Z","severity":"INFO","service":"","traceId":"","spanId":"","thread":"kafka-0-metadata-loader-event-handler","class":"k.c.transaction.TransactionCoordinator","message":"[TransactionCoordinator id=0] Startup complete."}
{"@timestamp":"2026-04-01T14:37:47.1723611Z","severity":"INFO","service":"","traceId":"","spanId":"","thread":"kafka-0-metadata-loader-event-handler","class":"k.s.metadata.BrokerMetadataPublisher","message":"[BrokerMetadataPublisher id=0] Updating metadata.version to 14 at offset OffsetAndEpoch(offset=6, epoch=1)."}
{"@timestamp":"2026-04-01T14:37:47.1949368Z","severity":"INFO","service":"","traceId":"","spanId":"","thread":"TxnMarkerSenderThread-0","class":"k.c.t.TransactionMarkerChannelManager","message":"[TxnMarkerSenderThread-0]: Starting"}
{"@timestamp":"2026-04-01T14:37:47.2522738Z","severity":"INFO","service":"","traceId":"","spanId":"","thread":"broker-0-to-controller-heartbeat-channel-manager","class":"kafka.server.BrokerLifecycleManager","message":"[BrokerLifecycleManager id=0] The broker has caught up. Transitioning from STARTING to RECOVERY."}
{"@timestamp":"2026-04-01T14:37:47.2527859Z","severity":"INFO","service":"","traceId":"","spanId":"","thread":"kafka-cluster-test-kit-executor-3","class":"kafka.server.BrokerServer","message":"[BrokerServer id=0] Finished waiting for the controller to acknowledge that we are caught up"}
{"@timestamp":"2026-04-01T14:37:47.2533294Z","severity":"INFO","service":"","traceId":"","spanId":"","thread":"kafka-cluster-test-kit-executor-3","class":"kafka.server.BrokerServer","message":"[BrokerServer id=0] Waiting for the initial broker metadata update to be published"}
{"@timestamp":"2026-04-01T14:37:47.2533294Z","severity":"INFO","service":"","traceId":"","spanId":"","thread":"kafka-cluster-test-kit-executor-3","class":"kafka.server.BrokerServer","message":"[BrokerServer id=0] Finished waiting for the initial broker metadata update to be published"}
{"@timestamp":"2026-04-01T14:37:47.2606914Z","severity":"INFO","service":"","traceId":"","spanId":"","thread":"kafka-cluster-test-kit-executor-3","class":"kafka.server.KafkaConfig","message":"KafkaConfig values: \r\n\tadvertised.listeners = null\r\n\talter.config.policy.class.name = null\r\n\talter.log.dirs.replication.quota.window.num = 11\r\n\talter.log.dirs.replication.quota.window.size.seconds = 1\r\n\tauthorizer.class.name = \r\n\tauto.create.topics.enable = true\r\n\tauto.include.jmx.reporter = true\r\n\tauto.leader.rebalance.enable = true\r\n\tbackground.threads = 10\r\n\tbroker.heartbeat.interval.ms = 2000\r\n\tbroker.id = 0\r\n\tbroker.id.generation.enable = true\r\n\tbroker.rack = null\r\n\tbroker.session.timeout.ms = 9000\r\n\tclient.quota.callback.class = null\r\n\tcompression.type = producer\r\n\tconnection.failed.authentication.delay.ms = 100\r\n\tconnections.max.idle.ms = 600000\r\n\tconnections.max.reauth.ms = 0\r\n\tcontrol.plane.listener.name = null\r\n\tcontrolled.shutdown.enable = true\r\n\tcontrolled.shutdown.max.retries = 3\r\n\tcontrolled.shutdown.retry.backoff.ms = 5000\r\n\tcontroller.listener.names = CONTROLLER\r\n\tcontroller.quorum.append.linger.ms = 25\r\n\tcontroller.quorum.election.backoff.max.ms = 1000\r\n\tcontroller.quorum.election.timeout.ms = 1000\r\n\tcontroller.quorum.fetch.timeout.ms = 2000\r\n\tcontroller.quorum.request.timeout.ms = 2000\r\n\tcontroller.quorum.retry.backoff.ms = 20\r\n\tcontroller.quorum.voters = [0@0.0.0.0:0]\r\n\tcontroller.quota.window.num = 11\r\n\tcontroller.quota.window.size.seconds = 1\r\n\tcontroller.socket.timeout.ms = 30000\r\n\tcreate.topic.policy.class.name = null\r\n\tdefault.replication.factor = 1\r\n\tdelegation.token.expiry.check.interval.ms = 3600000\r\n\tdelegation.token.expiry.time.ms = 86400000\r\n\tdelegation.token.master.key = null\r\n\tdelegation.token.max.lifetime.ms = 604800000\r\n\tdelegation.token.secret.key = null\r\n\tdelete.records.purgatory.purge.interval.requests = 1\r\n\tdelete.topic.enable = true\r\n\tearly.start.listeners = null\r\n\tfetch.max.bytes = 57671680\r\n\tfetch.purgatory.purge.interval.requests = 1000\r\n\tgroup.consumer.assignors = [org.apache.kafka.coordinator.group.assignor.RangeAssignor]\r\n\tgroup.consumer.heartbeat.interval.ms = 5000\r\n\tgroup.consumer.max.heartbeat.interval.ms = 15000\r\n\tgroup.consumer.max.session.timeout.ms = 60000\r\n\tgroup.consumer.max.size = 2147483647\r\n\tgroup.consumer.min.heartbeat.interval.ms = 5000\r\n\tgroup.consumer.min.session.timeout.ms = 45000\r\n\tgroup.consumer.session.timeout.ms = 45000\r\n\tgroup.coordinator.new.enable = false\r\n\tgroup.coordinator.threads = 1\r\n\tgroup.initial.rebalance.delay.ms = 0\r\n\tgroup.max.session.timeout.ms = 1800000\r\n\tgroup.max.size = 2147483647\r\n\tgroup.min.session.timeout.ms = 6000\r\n\tinitial.broker.registration.timeout.ms = 60000\r\n\tinter.broker.listener.name = EXTERNAL\r\n\tinter.broker.protocol.version = 3.6-IV2\r\n\tkafka.metrics.polling.interval.secs = 10\r\n\tkafka.metrics.reporters = []\r\n\tleader.imbalance.check.interval.seconds = 300\r\n\tleader.imbalance.per.broker.percentage = 10\r\n\tlistener.security.protocol.map = EXTERNAL:PLAINTEXT,CONTROLLER:PLAINTEXT\r\n\tlisteners = EXTERNAL://localhost:0,CONTROLLER://localhost:0\r\n\tlog.cleaner.backoff.ms = 15000\r\n\tlog.cleaner.dedupe.buffer.size = 2097152\r\n\tlog.cleaner.delete.retention.ms = 86400000\r\n\tlog.cleaner.enable = true\r\n\tlog.cleaner.io.buffer.load.factor = 0.9\r\n\tlog.cleaner.io.buffer.size = 524288\r\n\tlog.cleaner.io.max.bytes.per.second = 1.7976931348623157E308\r\n\tlog.cleaner.max.compaction.lag.ms = 9223372036854775807\r\n\tlog.cleaner.min.cleanable.ratio = 0.5\r\n\tlog.cleaner.min.compaction.lag.ms = 0\r\n\tlog.cleaner.threads = 1\r\n\tlog.cleanup.policy = [delete]\r\n\tlog.dir = /tmp/kafka-logs\r\n\tlog.dirs = C:\\Users\\Lynda\\AppData\\Local\\Temp\\kafka-16916488271285857784\\broker_0_data0\r\n\tlog.flush.interval.messages = 9223372036854775807\r\n\tlog.flush.interval.ms = null\r\n\tlog.flush.offset.checkpoint.interval.ms = 60000\r\n\tlog.flush.scheduler.interval.ms = 9223372036854775807\r\n\tlog.flush.start.offset.checkpoint.interval.ms = 60000\r\n\tlog.index.interval.bytes = 4096\r\n\tlog.index.size.max.bytes = 10485760\r\n\tlog.local.retention.bytes = -2\r\n\tlog.local.retention.ms = -2\r\n\tlog.message.downconversion.enable = true\r\n\tlog.message.format.version = 3.0-IV1\r\n\tlog.message.timestamp.after.max.ms = 9223372036854775807\r\n\tlog.message.timestamp.before.max.ms = 9223372036854775807\r\n\tlog.message.timestamp.difference.max.ms = 9223372036854775807\r\n\tlog.message.timestamp.type = CreateTime\r\n\tlog.preallocate = false\r\n\tlog.retention.bytes = -1\r\n\tlog.retention.check.interval.ms = 300000\r\n\tlog.retention.hours = 168\r\n\tlog.retention.minutes = null\r\n\tlog.retention.ms = null\r\n\tlog.roll.hours = 168\r\n\tlog.roll.jitter.hours = 0\r\n\tlog.roll.jitter.ms = null\r\n\tlog.roll.ms = null\r\n\tlog.segment.bytes = 1073741824\r\n\tlog.segment.delete.delay.ms = 60000\r\n\tmax.connection.creation.rate = 2147483647\r\n\tmax.connections = 2147483647\r\n\tmax.connections.per.ip = 2147483647\r\n\tmax.connections.per.ip.overrides = \r\n\tmax.incremental.fetch.session.cache.slots = 1000\r\n\tmessage.max.bytes = 1048588\r\n\tmetadata.log.dir = C:\\Users\\Lynda\\AppData\\Local\\Temp\\kafka-16916488271285857784\\controller_0\r\n\tmetadata.log.max.record.bytes.between.snapshots = 20971520\r\n\tmetadata.log.max.snapshot.interval.ms = 3600000\r\n\tmetadata.log.segment.bytes = 1073741824\r\n\tmetadata.log.segment.min.bytes = 8388608\r\n\tmetadata.log.segment.ms = 604800000\r\n\tmetadata.max.idle.interval.ms = 500\r\n\tmetadata.max.retention.bytes = 104857600\r\n\tmetadata.max.retention.ms = 604800000\r\n\tmetric.reporters = []\r\n\tmetrics.num.samples = 2\r\n\tmetrics.recording.level = INFO\r\n\tmetrics.sample.window.ms = 30000\r\n\tmin.insync.replicas = 1\r\n\tnode.id = 0\r\n\tnum.io.threads = 8\r\n\tnum.network.threads = 3\r\n\tnum.partitions = 1\r\n\tnum.recovery.threads.per.data.dir = 1\r\n\tnum.replica.alter.log.dirs.threads = null\r\n\tnum.replica.fetchers = 1\r\n\toffset.metadata.max.bytes = 4096\r\n\toffsets.commit.required.acks = -1\r\n\toffsets.commit.timeout.ms = 5000\r\n\toffsets.load.buffer.size = 5242880\r\n\toffsets.retention.check.interval.ms = 600000\r\n\toffsets.retention.minutes = 10080\r\n\toffsets.topic.compression.codec = 0\r\n\toffsets.topic.num.partitions = 50\r\n\toffsets.topic.replication.factor = 1\r\n\toffsets.topic.segment.bytes = 104857600\r\n\tpassword.encoder.cipher.algorithm = AES/CBC/PKCS5Padding\r\n\tpassword.encoder.iterations = 4096\r\n\tpassword.encoder.key.length = 128\r\n\tpassword.encoder.keyfactory.algorithm = null\r\n\tpassword.encoder.old.secret = null\r\n\tpassword.encoder.secret = null\r\n\tprincipal.builder.class = class org.apache.kafka.common.security.authenticator.DefaultKafkaPrincipalBuilder\r\n\tprocess.roles = [broker, controller]\r\n\tproducer.id.expiration.check.interval.ms = 600000\r\n\tproducer.id.expiration.ms = 86400000\r\n\tproducer.purgatory.purge.interval.requests = 1000\r\n\tqueued.max.request.bytes = -1\r\n\tqueued.max.requests = 500\r\n\tquota.window.num = 11\r\n\tquota.window.size.seconds = 1\r\n\tremote.log.index.file.cache.total.size.bytes = 1073741824\r\n\tremote.log.manager.task.interval.ms = 30000\r\n\tremote.log.manager.task.retry.backoff.max.ms = 30000\r\n\tremote.log.manager.task.retry.backoff.ms = 500\r\n\tremote.log.manager.task.retry.jitter = 0.2\r\n\tremote.log.manager.thread.pool.size = 10\r\n\tremote.log.metadata.custom.metadata.max.bytes = 128\r\n\tremote.log.metadata.manager.class.name = org.apache.kafka.server.log.remote.metadata.storage.TopicBasedRemoteLogMetadataManager\r\n\tremote.log.metadata.manager.class.path = null\r\n\tremote.log.metadata.manager.impl.prefix = rlmm.config.\r\n\tremote.log.metadata.manager.listener.name = null\r\n\tremote.log.reader.max.pending.tasks = 100\r\n\tremote.log.reader.threads = 10\r\n\tremote.log.storage.manager.class.name = null\r\n\tremote.log.storage.manager.class.path = null\r\n\tremote.log.storage.manager.impl.prefix = rsm.config.\r\n\tremote.log.storage.system.enable = false\r\n\treplica.fetch.backoff.ms = 1000\r\n\treplica.fetch.max.bytes = 1048576\r\n\treplica.fetch.min.bytes = 1\r\n\treplica.fetch.response.max.bytes = 10485760\r\n\treplica.fetch.wait.max.ms = 500\r\n\treplica.high.watermark.checkpoint.interval.ms = 5000\r\n\treplica.lag.time.max.ms = 30000\r\n\treplica.selector.class = null\r\n\treplica.socket.receive.buffer.bytes = 65536\r\n\treplica.socket.timeout.ms = 30000\r\n\treplication.quota.window.num = 11\r\n\treplication.quota.window.size.seconds = 1\r\n\trequest.timeout.ms = 30000\r\n\treserved.broker.max.id = 1000\r\n\tsasl.client.callback.handler.class = null\r\n\tsasl.enabled.mechanisms = [GSSAPI]\r\n\tsasl.jaas.config = null\r\n\tsasl.kerberos.kinit.cmd = /usr/bin/kinit\r\n\tsasl.kerberos.min.time.before.relogin = 60000\r\n\tsasl.kerberos.principal.to.local.rules = [DEFAULT]\r\n\tsasl.kerberos.service.name = null\r\n\tsasl.kerberos.ticket.renew.jitter = 0.05\r\n\tsasl.kerberos.ticket.renew.window.factor = 0.8\r\n\tsasl.login.callback.handler.class = null\r\n\tsasl.login.class = null\r\n\tsasl.login.connect.timeout.ms = null\r\n\tsasl.login.read.timeout.ms = null\r\n\tsasl.login.refresh.buffer.seconds = 300\r\n\tsasl.login.refresh.min.period.seconds = 60\r\n\tsasl.login.refresh.window.factor = 0.8\r\n\tsasl.login.refresh.window.jitter = 0.05\r\n\tsasl.login.retry.backoff.max.ms = 10000\r\n\tsasl.login.retry.backoff.ms = 100\r\n\tsasl.mechanism.controller.protocol = GSSAPI\r\n\tsasl.mechanism.inter.broker.protocol = GSSAPI\r\n\tsasl.oauthbearer.clock.skew.seconds = 30\r\n\tsasl.oauthbearer.expected.audience = null\r\n\tsasl.oauthbearer.expected.issuer = null\r\n\tsasl.oauthbearer.jwks.endpoint.refresh.ms = 3600000\r\n\tsasl.oauthbearer.jwks.endpoint.retry.backoff.max.ms = 10000\r\n\tsasl.oauthbearer.jwks.endpoint.retry.backoff.ms = 100\r\n\tsasl.oauthbearer.jwks.endpoint.url = null\r\n\tsasl.oauthbearer.scope.claim.name = scope\r\n\tsasl.oauthbearer.sub.claim.name = sub\r\n\tsasl.oauthbearer.token.endpoint.url = null\r\n\tsasl.server.callback.handler.class = null\r\n\tsasl.server.max.receive.size = 524288\r\n\tsecurity.inter.broker.protocol = PLAINTEXT\r\n\tsecurity.providers = null\r\n\tserver.max.startup.time.ms = 600000\r\n\tsocket.connection.setup.timeout.max.ms = 30000\r\n\tsocket.connection.setup.timeout.ms = 10000\r\n\tsocket.listen.backlog.size = 50\r\n\tsocket.receive.buffer.bytes = 102400\r\n\tsocket.request.max.bytes = 104857600\r\n\tsocket.send.buffer.bytes = 102400\r\n\tssl.cipher.suites = []\r\n\tssl.client.auth = none\r\n\tssl.enabled.protocols = [TLSv1.2, TLSv1.3]\r\n\tssl.endpoint.identification.algorithm = https\r\n\tssl.engine.factory.class = null\r\n\tssl.key.password = null\r\n\tssl.keymanager.algorithm = SunX509\r\n\tssl.keystore.certificate.chain = null\r\n\tssl.keystore.key = null\r\n\tssl.keystore.location = null\r\n\tssl.keystore.password = null\r\n\tssl.keystore.type = JKS\r\n\tssl.principal.mapping.rules = DEFAULT\r\n\tssl.protocol = TLSv1.3\r\n\tssl.provider = null\r\n\tssl.secure.random.implementation = null\r\n\tssl.trustmanager.algorithm = PKIX\r\n\tssl.truststore.certificates = null\r\n\tssl.truststore.location = null\r\n\tssl.truststore.password = null\r\n\tssl.truststore.type = JKS\r\n\ttransaction.abort.timed.out.transaction.cleanup.interval.ms = 10000\r\n\ttransaction.max.timeout.ms = 900000\r\n\ttransaction.partition.verification.enable = true\r\n\ttransaction.remove.expired.transaction.cleanup.interval.ms = 3600000\r\n\ttransaction.state.log.load.buffer.size = 5242880\r\n\ttransaction.state.log.min.isr = 2\r\n\ttransaction.state.log.num.partitions = 50\r\n\ttransaction.state.log.replication.factor = 3\r\n\ttransaction.state.log.segment.bytes = 104857600\r\n\ttransactional.id.expiration.ms = 604800000\r\n\tunclean.leader.election.enable = false\r\n\tunstable.api.versions.enable = false\r\n\tzookeeper.clientCnxnSocket = null\r\n\tzookeeper.connect = null\r\n\tzookeeper.connection.timeout.ms = null\r\n\tzookeeper.max.in.flight.requests = 10\r\n\tzookeeper.metadata.migration.enable = false\r\n\tzookeeper.session.timeout.ms = 18000\r\n\tzookeeper.set.acl = false\r\n\tzookeeper.ssl.cipher.suites = null\r\n\tzookeeper.ssl.client.enable = false\r\n\tzookeeper.ssl.crl.enable = false\r\n\tzookeeper.ssl.enabled.protocols = null\r\n\tzookeeper.ssl.endpoint.identification.algorithm = HTTPS\r\n\tzookeeper.ssl.keystore.location = null\r\n\tzookeeper.ssl.keystore.password = null\r\n\tzookeeper.ssl.keystore.type = null\r\n\tzookeeper.ssl.ocsp.enable = false\r\n\tzookeeper.ssl.protocol = TLSv1.2\r\n\tzookeeper.ssl.truststore.location = null\r\n\tzookeeper.ssl.truststore.password = null\r\n\tzookeeper.ssl.truststore.type = null\r\n"}
{"@timestamp":"2026-04-01T14:37:47.281988Z","severity":"INFO","service":"","traceId":"","spanId":"","thread":"broker-0-to-controller-heartbeat-channel-manager","class":"kafka.server.BrokerLifecycleManager","message":"[BrokerLifecycleManager id=0] The broker is in RECOVERY."}
{"@timestamp":"2026-04-01T14:37:47.324408Z","severity":"INFO","service":"","traceId":"","spanId":"","thread":"kafka-cluster-test-kit-executor-3","class":"kafka.server.BrokerServer","message":"[BrokerServer id=0] Waiting for the broker to be unfenced"}
{"@timestamp":"2026-04-01T14:37:47.3321526Z","severity":"INFO","service":"","traceId":"","spanId":"","thread":"quorum-controller-0-event-handler","class":"o.a.k.controller.BrokerHeartbeatManager","message":"[QuorumController id=0] The request from broker 0 to unfence has been granted because it has caught up with the offset of its register broker record 7."}
{"@timestamp":"2026-04-01T14:37:47.3647115Z","severity":"INFO","service":"","traceId":"","spanId":"","thread":"quorum-controller-0-event-handler","class":"o.a.k.controller.ClusterControlManager","message":"[QuorumController id=0] Replayed BrokerRegistrationChangeRecord modifying the registration for broker 0: BrokerRegistrationChangeRecord(brokerId=0, brokerEpoch=7, fenced=-1, inControlledShutdown=0)"}
{"@timestamp":"2026-04-01T14:37:47.414792Z","severity":"INFO","service":"","traceId":"","spanId":"","thread":"broker-0-to-controller-heartbeat-channel-manager","class":"kafka.server.BrokerLifecycleManager","message":"[BrokerLifecycleManager id=0] The broker has been unfenced. Transitioning from RECOVERY to RUNNING."}
{"@timestamp":"2026-04-01T14:37:47.4158929Z","severity":"INFO","service":"","traceId":"","spanId":"","thread":"kafka-cluster-test-kit-executor-3","class":"kafka.server.BrokerServer","message":"[BrokerServer id=0] Finished waiting for the broker to be unfenced"}
{"@timestamp":"2026-04-01T14:37:47.4177301Z","severity":"INFO","service":"","traceId":"","spanId":"","thread":"kafka-cluster-test-kit-executor-3","class":"o.a.k.s.network.EndpointReadyFutures","message":"authorizerStart completed for endpoint EXTERNAL. Endpoint is now READY."}
{"@timestamp":"2026-04-01T14:37:47.4203821Z","severity":"INFO","service":"","traceId":"","spanId":"","thread":"kafka-cluster-test-kit-executor-3","class":"kafka.network.SocketServer","message":"[SocketServer listenerType=BROKER, nodeId=0] Enabling request processing."}
{"@timestamp":"2026-04-01T14:37:47.4290072Z","severity":"INFO","service":"","traceId":"","spanId":"","thread":"kafka-cluster-test-kit-executor-3","class":"kafka.server.BrokerServer","message":"[BrokerServer id=0] Waiting for all of the authorizer futures to be completed"}
{"@timestamp":"2026-04-01T14:37:47.4297591Z","severity":"INFO","service":"","traceId":"","spanId":"","thread":"kafka-cluster-test-kit-executor-3","class":"kafka.server.BrokerServer","message":"[BrokerServer id=0] Finished waiting for all of the authorizer futures to be completed"}
{"@timestamp":"2026-04-01T14:37:47.4301153Z","severity":"INFO","service":"","traceId":"","spanId":"","thread":"kafka-cluster-test-kit-executor-3","class":"kafka.server.BrokerServer","message":"[BrokerServer id=0] Waiting for all of the SocketServer Acceptors to be started"}
{"@timestamp":"2026-04-01T14:37:47.4301153Z","severity":"INFO","service":"","traceId":"","spanId":"","thread":"kafka-cluster-test-kit-executor-3","class":"kafka.server.BrokerServer","message":"[BrokerServer id=0] Finished waiting for all of the SocketServer Acceptors to be started"}
{"@timestamp":"2026-04-01T14:37:47.4306349Z","severity":"INFO","service":"","traceId":"","spanId":"","thread":"kafka-cluster-test-kit-executor-3","class":"kafka.server.BrokerServer","message":"[BrokerServer id=0] Transition from STARTING to STARTED"}
{"@timestamp":"2026-04-01T14:37:47.5006092Z","severity":"INFO","service":"","traceId":"","spanId":"","thread":"main","class":"o.a.k.clients.admin.AdminClientConfig","message":"AdminClientConfig values: \r\n\tauto.include.jmx.reporter = true\r\n\tbootstrap.servers = [localhost:53636]\r\n\tclient.dns.lookup = use_all_dns_ips\r\n\tclient.id = \r\n\tconnections.max.idle.ms = 300000\r\n\tdefault.api.timeout.ms = 60000\r\n\tmetadata.max.age.ms = 300000\r\n\tmetric.reporters = []\r\n\tmetrics.num.samples = 2\r\n\tmetrics.recording.level = INFO\r\n\tmetrics.sample.window.ms = 30000\r\n\treceive.buffer.bytes = 65536\r\n\treconnect.backoff.max.ms = 1000\r\n\treconnect.backoff.ms = 50\r\n\trequest.timeout.ms = 30000\r\n\tretries = 2147483647\r\n\tretry.backoff.ms = 100\r\n\tsasl.client.callback.handler.class = null\r\n\tsasl.jaas.config = null\r\n\tsasl.kerberos.kinit.cmd = /usr/bin/kinit\r\n\tsasl.kerberos.min.time.before.relogin = 60000\r\n\tsasl.kerberos.service.name = null\r\n\tsasl.kerberos.ticket.renew.jitter = 0.05\r\n\tsasl.kerberos.ticket.renew.window.factor = 0.8\r\n\tsasl.login.callback.handler.class = null\r\n\tsasl.login.class = null\r\n\tsasl.login.connect.timeout.ms = null\r\n\tsasl.login.read.timeout.ms = null\r\n\tsasl.login.refresh.buffer.seconds = 300\r\n\tsasl.login.refresh.min.period.seconds = 60\r\n\tsasl.login.refresh.window.factor = 0.8\r\n\tsasl.login.refresh.window.jitter = 0.05\r\n\tsasl.login.retry.backoff.max.ms = 10000\r\n\tsasl.login.retry.backoff.ms = 100\r\n\tsasl.mechanism = GSSAPI\r\n\tsasl.oauthbearer.clock.skew.seconds = 30\r\n\tsasl.oauthbearer.expected.audience = null\r\n\tsasl.oauthbearer.expected.issuer = null\r\n\tsasl.oauthbearer.jwks.endpoint.refresh.ms = 3600000\r\n\tsasl.oauthbearer.jwks.endpoint.retry.backoff.max.ms = 10000\r\n\tsasl.oauthbearer.jwks.endpoint.retry.backoff.ms = 100\r\n\tsasl.oauthbearer.jwks.endpoint.url = null\r\n\tsasl.oauthbearer.scope.claim.name = scope\r\n\tsasl.oauthbearer.sub.claim.name = sub\r\n\tsasl.oauthbearer.token.endpoint.url = null\r\n\tsecurity.protocol = PLAINTEXT\r\n\tsecurity.providers = null\r\n\tsend.buffer.bytes = 131072\r\n\tsocket.connection.setup.timeout.max.ms = 30000\r\n\tsocket.connection.setup.timeout.ms = 10000\r\n\tssl.cipher.suites = null\r\n\tssl.enabled.protocols = [TLSv1.2, TLSv1.3]\r\n\tssl.endpoint.identification.algorithm = https\r\n\tssl.engine.factory.class = null\r\n\tssl.key.password = null\r\n\tssl.keymanager.algorithm = SunX509\r\n\tssl.keystore.certificate.chain = null\r\n\tssl.keystore.key = null\r\n\tssl.keystore.location = null\r\n\tssl.keystore.password = null\r\n\tssl.keystore.type = JKS\r\n\tssl.protocol = TLSv1.3\r\n\tssl.provider = null\r\n\tssl.secure.random.implementation = null\r\n\tssl.trustmanager.algorithm = PKIX\r\n\tssl.truststore.certificates = null\r\n\tssl.truststore.location = null\r\n\tssl.truststore.password = null\r\n\tssl.truststore.type = JKS\r\n"}
{"@timestamp":"2026-04-01T14:37:47.7330425Z","severity":"INFO","service":"","traceId":"","spanId":"","thread":"main","class":"o.a.kafka.common.utils.AppInfoParser","message":"Kafka version: 3.6.1"}
{"@timestamp":"2026-04-01T14:37:47.7345758Z","severity":"INFO","service":"","traceId":"","spanId":"","thread":"main","class":"o.a.kafka.common.utils.AppInfoParser","message":"Kafka commitId: 5e3c2b738d253ff5"}
{"@timestamp":"2026-04-01T14:37:47.7356062Z","severity":"INFO","service":"","traceId":"","spanId":"","thread":"main","class":"o.a.kafka.common.utils.AppInfoParser","message":"Kafka startTimeMs: 1775054267731"}
{"@timestamp":"2026-04-01T14:37:47.9880525Z","severity":"INFO","service":"","traceId":"","spanId":"","thread":"quorum-controller-0-event-handler","class":"o.a.k.c.ReplicationControlManager","message":"[QuorumController id=0] CreateTopics result(s): CreatableTopic(name='conducteurs', numPartitions=1, replicationFactor=1, assignments=[], configs=[]): SUCCESS, CreatableTopic(name='vehicules', numPartitions=1, replicationFactor=1, assignments=[], configs=[]): SUCCESS"}
{"@timestamp":"2026-04-01T14:37:47.9916673Z","severity":"INFO","service":"","traceId":"","spanId":"","thread":"quorum-controller-0-event-handler","class":"o.a.k.c.ReplicationControlManager","message":"[QuorumController id=0] Replayed TopicRecord for topic conducteurs with topic ID pxgp25RVQy2Kc2aElZy-1g."}
{"@timestamp":"2026-04-01T14:37:47.9948654Z","severity":"INFO","service":"","traceId":"","spanId":"","thread":"quorum-controller-0-event-handler","class":"o.a.k.c.ReplicationControlManager","message":"[QuorumController id=0] Replayed PartitionRecord for new partition conducteurs-0 with topic ID pxgp25RVQy2Kc2aElZy-1g and PartitionRegistration(replicas=[0], isr=[0], removingReplicas=[], addingReplicas=[], leader=0, leaderRecoveryState=RECOVERED, leaderEpoch=0, partitionEpoch=0)."}
{"@timestamp":"2026-04-01T14:37:48.0026716Z","severity":"INFO","service":"","traceId":"","spanId":"","thread":"quorum-controller-0-event-handler","class":"o.a.k.c.ReplicationControlManager","message":"[QuorumController id=0] Replayed TopicRecord for topic vehicules with topic ID yhdydE8rRcOtqWTjGc3Nxw."}
{"@timestamp":"2026-04-01T14:37:48.0026716Z","severity":"INFO","service":"","traceId":"","spanId":"","thread":"quorum-controller-0-event-handler","class":"o.a.k.c.ReplicationControlManager","message":"[QuorumController id=0] Replayed PartitionRecord for new partition vehicules-0 with topic ID yhdydE8rRcOtqWTjGc3Nxw and PartitionRegistration(replicas=[0], isr=[0], removingReplicas=[], addingReplicas=[], leader=0, leaderRecoveryState=RECOVERED, leaderEpoch=0, partitionEpoch=0)."}
{"@timestamp":"2026-04-01T14:37:48.0580096Z","severity":"INFO","service":"","traceId":"","spanId":"","thread":"kafka-0-metadata-loader-event-handler","class":"state.change.logger","message":"[Broker id=0] Transitioning 2 partition(s) to local leaders."}
{"@timestamp":"2026-04-01T14:37:48.0741375Z","severity":"INFO","service":"","traceId":"","spanId":"","thread":"kafka-0-metadata-loader-event-handler","class":"kafka.server.ReplicaFetcherManager","message":"[ReplicaFetcherManager on broker 0] Removed fetcher for partitions Set(vehicules-0, conducteurs-0)"}
{"@timestamp":"2026-04-01T14:37:48.0810684Z","severity":"INFO","service":"","traceId":"","spanId":"","thread":"kafka-admin-client-thread | adminclient-1","class":"o.a.kafka.common.utils.AppInfoParser","message":"App info kafka.admin.client for adminclient-1 unregistered"}
{"@timestamp":"2026-04-01T14:37:48.0820699Z","severity":"INFO","service":"","traceId":"","spanId":"","thread":"kafka-0-metadata-loader-event-handler","class":"state.change.logger","message":"[Broker id=0] Creating new partition vehicules-0 with topic id yhdydE8rRcOtqWTjGc3Nxw."}
{"@timestamp":"2026-04-01T14:37:48.0935163Z","severity":"INFO","service":"","traceId":"","spanId":"","thread":"kafka-admin-client-thread | adminclient-1","class":"org.apache.kafka.common.metrics.Metrics","message":"Metrics scheduler closed"}
{"@timestamp":"2026-04-01T14:37:48.0935163Z","severity":"INFO","service":"","traceId":"","spanId":"","thread":"kafka-admin-client-thread | adminclient-1","class":"org.apache.kafka.common.metrics.Metrics","message":"Closing reporter org.apache.kafka.common.metrics.JmxReporter"}
{"@timestamp":"2026-04-01T14:37:48.0950252Z","severity":"INFO","service":"","traceId":"","spanId":"","thread":"kafka-admin-client-thread | adminclient-1","class":"org.apache.kafka.common.metrics.Metrics","message":"Metrics reporters closed"}
{"@timestamp":"2026-04-01T14:37:48.1376577Z","severity":"INFO","service":"","traceId":"","spanId":"","thread":"main","class":"f.sgfv.vehicules.VehiculeIntegrationTest","message":"Starting VehiculeIntegrationTest using Java 21.0.10 with PID 13876 (started by Lynda in D:\\M1 GIL\\S2\\Archi Distribuée\\gestion_vehicules\\service-vehicules)"}
{"@timestamp":"2026-04-01T14:37:48.1397037Z","severity":"DEBUG","service":"","traceId":"","spanId":"","thread":"main","class":"f.sgfv.vehicules.VehiculeIntegrationTest","message":"Running with Spring Boot v3.2.3, Spring v6.1.4"}
{"@timestamp":"2026-04-01T14:37:48.14173Z","severity":"INFO","service":"","traceId":"","spanId":"","thread":"main","class":"f.sgfv.vehicules.VehiculeIntegrationTest","message":"No active profile set, falling back to 1 default profile: \"default\""}
{"@timestamp":"2026-04-01T14:37:48.1572841Z","severity":"INFO","service":"","traceId":"","spanId":"","thread":"kafka-0-metadata-loader-event-handler","class":"kafka.log.UnifiedLog$","message":"[LogLoader partition=vehicules-0, dir=C:\\Users\\Lynda\\AppData\\Local\\Temp\\kafka-16916488271285857784\\broker_0_data0] Loading producer state till offset 0 with message format version 2"}
{"@timestamp":"2026-04-01T14:37:48.1640457Z","severity":"INFO","service":"","traceId":"","spanId":"","thread":"kafka-0-metadata-loader-event-handler","class":"kafka.log.LogManager","message":"Created log for partition vehicules-0 in C:\\Users\\Lynda\\AppData\\Local\\Temp\\kafka-16916488271285857784\\broker_0_data0\\vehicules-0 with properties {}"}
{"@timestamp":"2026-04-01T14:37:48.1759611Z","severity":"INFO","service":"","traceId":"","spanId":"","thread":"kafka-0-metadata-loader-event-handler","class":"kafka.cluster.Partition","message":"[Partition vehicules-0 broker=0] No checkpointed highwatermark is found for partition vehicules-0"}
{"@timestamp":"2026-04-01T14:37:48.2017073Z","severity":"INFO","service":"","traceId":"","spanId":"","thread":"kafka-0-metadata-loader-event-handler","class":"kafka.cluster.Partition","message":"[Partition vehicules-0 broker=0] Log loaded for partition vehicules-0 with initial high watermark 0"}
{"@timestamp":"2026-04-01T14:37:48.2273499Z","severity":"INFO","service":"","traceId":"","spanId":"","thread":"kafka-0-metadata-loader-event-handler","class":"state.change.logger","message":"[Broker id=0] Leader vehicules-0 with topic id Some(yhdydE8rRcOtqWTjGc3Nxw) starts at leader epoch 0 from offset 0 with partition epoch 0, high watermark 0, ISR [0], adding replicas [] and removing replicas [] . Previous leader None and previous leader epoch was -1."}
{"@timestamp":"2026-04-01T14:37:48.2507885Z","severity":"INFO","service":"","traceId":"","spanId":"","thread":"kafka-0-metadata-loader-event-handler","class":"state.change.logger","message":"[Broker id=0] Creating new partition conducteurs-0 with topic id pxgp25RVQy2Kc2aElZy-1g."}
{"@timestamp":"2026-04-01T14:37:48.2731333Z","severity":"INFO","service":"","traceId":"","spanId":"","thread":"kafka-0-metadata-loader-event-handler","class":"kafka.log.UnifiedLog$","message":"[LogLoader partition=conducteurs-0, dir=C:\\Users\\Lynda\\AppData\\Local\\Temp\\kafka-16916488271285857784\\broker_0_data0] Loading producer state till offset 0 with message format version 2"}
{"@timestamp":"2026-04-01T14:37:48.2793403Z","severity":"INFO","service":"","traceId":"","spanId":"","thread":"kafka-0-metadata-loader-event-handler","class":"kafka.log.LogManager","message":"Created log for partition conducteurs-0 in C:\\Users\\Lynda\\AppData\\Local\\Temp\\kafka-16916488271285857784\\broker_0_data0\\conducteurs-0 with properties {}"}
{"@timestamp":"2026-04-01T14:37:48.2793403Z","severity":"INFO","service":"","traceId":"","spanId":"","thread":"kafka-0-metadata-loader-event-handler","class":"kafka.cluster.Partition","message":"[Partition conducteurs-0 broker=0] No checkpointed highwatermark is found for partition conducteurs-0"}
{"@timestamp":"2026-04-01T14:37:48.2813579Z","severity":"INFO","service":"","traceId":"","spanId":"","thread":"kafka-0-metadata-loader-event-handler","class":"kafka.cluster.Partition","message":"[Partition conducteurs-0 broker=0] Log loaded for partition conducteurs-0 with initial high watermark 0"}
{"@timestamp":"2026-04-01T14:37:48.2813579Z","severity":"INFO","service":"","traceId":"","spanId":"","thread":"kafka-0-metadata-loader-event-handler","class":"state.change.logger","message":"[Broker id=0] Leader conducteurs-0 with topic id Some(pxgp25RVQy2Kc2aElZy-1g) starts at leader epoch 0 from offset 0 with partition epoch 0, high watermark 0, ISR [0], adding replicas [] and removing replicas [] . Previous leader None and previous leader epoch was -1."}
{"@timestamp":"2026-04-01T14:37:53.5727522Z","severity":"INFO","service":"","traceId":"","spanId":"","thread":"main","class":"o.s.d.r.c.RepositoryConfigurationDelegate","message":"Bootstrapping Spring Data JPA repositories in DEFAULT mode."}
{"@timestamp":"2026-04-01T14:37:54.3078275Z","severity":"INFO","service":"","traceId":"","spanId":"","thread":"main","class":"o.s.d.r.c.RepositoryConfigurationDelegate","message":"Finished Spring Data repository scanning in 695 ms. Found 1 JPA repository interface."}
{"@timestamp":"2026-04-01T14:37:57.736987Z","severity":"INFO","service":"","traceId":"","spanId":"","thread":"main","class":"o.hibernate.jpa.internal.util.LogHelper","message":"HHH000204: Processing PersistenceUnitInfo [name: default]"}
{"@timestamp":"2026-04-01T14:37:58.0419137Z","severity":"INFO","service":"","traceId":"","spanId":"","thread":"main","class":"org.hibernate.Version","message":"HHH000412: Hibernate ORM core version 6.4.4.Final"}
{"@timestamp":"2026-04-01T14:37:58.2147142Z","severity":"INFO","service":"","traceId":"","spanId":"","thread":"main","class":"o.h.c.internal.RegionFactoryInitiator","message":"HHH000026: Second-level cache disabled"}
{"@timestamp":"2026-04-01T14:37:59.4347397Z","severity":"INFO","service":"","traceId":"","spanId":"","thread":"main","class":"o.s.o.j.p.SpringPersistenceUnitInfo","message":"No LoadTimeWeaver setup: ignoring JPA class transformer"}
{"@timestamp":"2026-04-01T14:37:59.6486896Z","severity":"INFO","service":"","traceId":"","spanId":"","thread":"main","class":"com.zaxxer.hikari.HikariDataSource","message":"HikariPool-1 - Starting..."}
{"@timestamp":"2026-04-01T14:38:01.189299Z","severity":"INFO","service":"","traceId":"","spanId":"","thread":"main","class":"com.zaxxer.hikari.pool.HikariPool","message":"HikariPool-1 - Added connection conn0: url=jdbc:h2:mem:testdb user=SA"}
{"@timestamp":"2026-04-01T14:38:01.2001782Z","severity":"INFO","service":"","traceId":"","spanId":"","thread":"main","class":"com.zaxxer.hikari.HikariDataSource","message":"HikariPool-1 - Start completed."}
{"@timestamp":"2026-04-01T14:38:01.3925653Z","severity":"WARN","service":"","traceId":"","spanId":"","thread":"main","class":"org.hibernate.dialect.Dialect","message":"HHH000511: The 2.2.0 version for [org.hibernate.dialect.PostgreSQLDialect] is no longer supported, hence certain features may not work properly. The minimum supported version is 12.0.0. Check the community dialects project for available legacy versions."}
{"@timestamp":"2026-04-01T14:38:01.434698Z","severity":"WARN","service":"","traceId":"","spanId":"","thread":"main","class":"org.hibernate.orm.deprecation","message":"HHH90000025: PostgreSQLDialect does not need to be specified explicitly using 'hibernate.dialect' (remove the property setting and it will be selected by default)"}
{"@timestamp":"2026-04-01T14:38:06.8577081Z","severity":"INFO","service":"","traceId":"","spanId":"","thread":"main","class":"o.h.e.t.j.p.i.JtaPlatformInitiator","message":"HHH000489: No JTA platform available (set 'hibernate.transaction.jta.platform' to enable JTA platform integration)"}
{"@timestamp":"2026-04-01T14:38:07.0468524Z","severity":"INFO","service":"","traceId":"","spanId":"","thread":"main","class":"o.s.o.j.LocalContainerEntityManagerFactoryBean","message":"Initialized JPA EntityManagerFactory for persistence unit 'default'"}
{"@timestamp":"2026-04-01T14:38:10.3078979Z","severity":"WARN","service":"","traceId":"","spanId":"","thread":"main","class":"o.s.b.a.o.j.JpaBaseConfiguration$JpaWebConfiguration","message":"spring.jpa.open-in-view is enabled by default. Therefore, database queries may be performed during view rendering. Explicitly configure spring.jpa.open-in-view to disable this warning"}
{"@timestamp":"2026-04-01T14:38:13.8482367Z","severity":"INFO","service":"","traceId":"","spanId":"","thread":"main","class":"o.s.g.e.DefaultSchemaResourceGraphQlSourceBuilder","message":"Loaded 1 resource(s) in the GraphQL schema."}
{"@timestamp":"2026-04-01T14:38:14.6824102Z","severity":"INFO","service":"","traceId":"","spanId":"","thread":"main","class":"o.s.b.a.graphql.GraphQlAutoConfiguration","message":"GraphQL schema inspection:\n\tUnmapped fields: {Query=[vehicules, vehicule], Mutation=[creerVehicule, changerStatut, archiverVehicule]}\n\tUnmapped registrations: {}\n\tSkipped types: []"}
{"@timestamp":"2026-04-01T14:38:14.7858403Z","severity":"INFO","service":"","traceId":"","spanId":"","thread":"main","class":"o.s.b.a.g.s.GraphQlWebMvcAutoConfiguration","message":"GraphQL endpoint HTTP POST /graphql"}
{"@timestamp":"2026-04-01T14:38:15.7776718Z","severity":"INFO","service":"","traceId":"","spanId":"","thread":"main","class":"o.s.b.a.e.web.EndpointLinksResolver","message":"Exposing 3 endpoint(s) beneath base path '/actuator'"}
{"@timestamp":"2026-04-01T14:38:16.5420636Z","severity":"INFO","service":"","traceId":"","spanId":"","thread":"main","class":"o.s.s.web.DefaultSecurityFilterChain","message":"Will secure EndpointRequestMatcher includes=[*], excludes=[], includeLinks=true with [org.springframework.security.web.session.DisableEncodeUrlFilter@34cfde52, org.springframework.security.web.context.request.async.WebAsyncManagerIntegrationFilter@795d1321, org.springframework.security.web.context.SecurityContextHolderFilter@c4359c8, org.springframework.security.web.header.HeaderWriterFilter@420989af, org.springframework.web.filter.CorsFilter@753c9fde, org.springframework.security.web.csrf.CsrfFilter@3a3d7792, org.springframework.security.web.authentication.logout.LogoutFilter@561bb13a, org.springframework.security.web.savedrequest.RequestCacheAwareFilter@7502268d, org.springframework.security.web.servletapi.SecurityContextHolderAwareRequestFilter@5641c323, org.springframework.security.web.authentication.AnonymousAuthenticationFilter@6cd430e, org.springframework.security.web.access.ExceptionTranslationFilter@2432db14, org.springframework.security.web.access.intercept.AuthorizationFilter@168dcfa2]"}
{"@timestamp":"2026-04-01T14:38:17.2388338Z","severity":"INFO","service":"","traceId":"","spanId":"","thread":"main","class":"o.s.s.web.DefaultSecurityFilterChain","message":"Will secure any request with [org.springframework.security.web.session.DisableEncodeUrlFilter@3cd30d4e, org.springframework.security.web.context.request.async.WebAsyncManagerIntegrationFilter@1925079b, org.springframework.security.web.context.SecurityContextHolderFilter@4347ee8f, org.springframework.security.web.header.HeaderWriterFilter@1ab96a2f, org.springframework.web.filter.CorsFilter@5513a899, org.springframework.security.web.authentication.logout.LogoutFilter@167ea0ac, org.springframework.security.oauth2.server.resource.web.authentication.BearerTokenAuthenticationFilter@1f8d2d2a, org.springframework.security.web.savedrequest.RequestCacheAwareFilter@481ad6ed, org.springframework.security.web.servletapi.SecurityContextHolderAwareRequestFilter@59c9a53b, org.springframework.security.web.authentication.AnonymousAuthenticationFilter@1cba44f7, org.springframework.security.web.access.ExceptionTranslationFilter@3931eec8, org.springframework.security.web.access.intercept.AuthorizationFilter@cdb24f2]"}
{"@timestamp":"2026-04-01T14:38:20.6560154Z","severity":"INFO","service":"","traceId":"","spanId":"","thread":"main","class":"o.s.b.t.m.w.SpringBootMockServletContext","message":"Initializing Spring TestDispatcherServlet ''"}
{"@timestamp":"2026-04-01T14:38:20.6581706Z","severity":"INFO","service":"","traceId":"","spanId":"","thread":"main","class":"o.s.t.web.servlet.TestDispatcherServlet","message":"Initializing Servlet ''"}
{"@timestamp":"2026-04-01T14:38:20.6637519Z","severity":"INFO","service":"","traceId":"","spanId":"","thread":"main","class":"o.s.t.web.servlet.TestDispatcherServlet","message":"Completed initialization in 5 ms"}
{"@timestamp":"2026-04-01T14:38:21.3970536Z","severity":"INFO","service":"","traceId":"","spanId":"","thread":"main","class":"o.a.k.clients.consumer.ConsumerConfig","message":"ConsumerConfig values: \r\n\tallow.auto.create.topics = true\r\n\tauto.commit.interval.ms = 5000\r\n\tauto.include.jmx.reporter = true\r\n\tauto.offset.reset = earliest\r\n\tbootstrap.servers = [localhost:53636]\r\n\tcheck.crcs = true\r\n\tclient.dns.lookup = use_all_dns_ips\r\n\tclient.id = consumer-service-vehicules-1\r\n\tclient.rack = \r\n\tconnections.max.idle.ms = 540000\r\n\tdefault.api.timeout.ms = 60000\r\n\tenable.auto.commit = false\r\n\texclude.internal.topics = true\r\n\tfetch.max.bytes = 52428800\r\n\tfetch.max.wait.ms = 500\r\n\tfetch.min.bytes = 1\r\n\tgroup.id = service-vehicules\r\n\tgroup.instance.id = null\r\n\theartbeat.interval.ms = 3000\r\n\tinterceptor.classes = []\r\n\tinternal.leave.group.on.close = true\r\n\tinternal.throw.on.fetch.stable.offset.unsupported = false\r\n\tisolation.level = read_uncommitted\r\n\tkey.deserializer = class org.apache.kafka.common.serialization.StringDeserializer\r\n\tmax.partition.fetch.bytes = 1048576\r\n\tmax.poll.interval.ms = 300000\r\n\tmax.poll.records = 500\r\n\tmetadata.max.age.ms = 300000\r\n\tmetric.reporters = []\r\n\tmetrics.num.samples = 2\r\n\tmetrics.recording.level = INFO\r\n\tmetrics.sample.window.ms = 30000\r\n\tpartition.assignment.strategy = [class org.apache.kafka.clients.consumer.RangeAssignor, class org.apache.kafka.clients.consumer.CooperativeStickyAssignor]\r\n\treceive.buffer.bytes = 65536\r\n\treconnect.backoff.max.ms = 1000\r\n\treconnect.backoff.ms = 50\r\n\trequest.timeout.ms = 30000\r\n\tretry.backoff.ms = 100\r\n\tsasl.client.callback.handler.class = null\r\n\tsasl.jaas.config = null\r\n\tsasl.kerberos.kinit.cmd = /usr/bin/kinit\r\n\tsasl.kerberos.min.time.before.relogin = 60000\r\n\tsasl.kerberos.service.name = null\r\n\tsasl.kerberos.ticket.renew.jitter = 0.05\r\n\tsasl.kerberos.ticket.renew.window.factor = 0.8\r\n\tsasl.login.callback.handler.class = null\r\n\tsasl.login.class = null\r\n\tsasl.login.connect.timeout.ms = null\r\n\tsasl.login.read.timeout.ms = null\r\n\tsasl.login.refresh.buffer.seconds = 300\r\n\tsasl.login.refresh.min.period.seconds = 60\r\n\tsasl.login.refresh.window.factor = 0.8\r\n\tsasl.login.refresh.window.jitter = 0.05\r\n\tsasl.login.retry.backoff.max.ms = 10000\r\n\tsasl.login.retry.backoff.ms = 100\r\n\tsasl.mechanism = GSSAPI\r\n\tsasl.oauthbearer.clock.skew.seconds = 30\r\n\tsasl.oauthbearer.expected.audience = null\r\n\tsasl.oauthbearer.expected.issuer = null\r\n\tsasl.oauthbearer.jwks.endpoint.refresh.ms = 3600000\r\n\tsasl.oauthbearer.jwks.endpoint.retry.backoff.max.ms = 10000\r\n\tsasl.oauthbearer.jwks.endpoint.retry.backoff.ms = 100\r\n\tsasl.oauthbearer.jwks.endpoint.url = null\r\n\tsasl.oauthbearer.scope.claim.name = scope\r\n\tsasl.oauthbearer.sub.claim.name = sub\r\n\tsasl.oauthbearer.token.endpoint.url = null\r\n\tsecurity.protocol = PLAINTEXT\r\n\tsecurity.providers = null\r\n\tsend.buffer.bytes = 131072\r\n\tsession.timeout.ms = 45000\r\n\tsocket.connection.setup.timeout.max.ms = 30000\r\n\tsocket.connection.setup.timeout.ms = 10000\r\n\tssl.cipher.suites = null\r\n\tssl.enabled.protocols = [TLSv1.2, TLSv1.3]\r\n\tssl.endpoint.identification.algorithm = https\r\n\tssl.engine.factory.class = null\r\n\tssl.key.password = null\r\n\tssl.keymanager.algorithm = SunX509\r\n\tssl.keystore.certificate.chain = null\r\n\tssl.keystore.key = null\r\n\tssl.keystore.location = null\r\n\tssl.keystore.password = null\r\n\tssl.keystore.type = JKS\r\n\tssl.protocol = TLSv1.3\r\n\tssl.provider = null\r\n\tssl.secure.random.implementation = null\r\n\tssl.trustmanager.algorithm = PKIX\r\n\tssl.truststore.certificates = null\r\n\tssl.truststore.location = null\r\n\tssl.truststore.password = null\r\n\tssl.truststore.type = JKS\r\n\tvalue.deserializer = class org.springframework.kafka.support.serializer.JsonDeserializer\r\n"}
{"@timestamp":"2026-04-01T14:38:21.6431696Z","severity":"INFO","service":"","traceId":"","spanId":"","thread":"main","class":"o.a.kafka.common.utils.AppInfoParser","message":"Kafka version: 3.6.1"}
{"@timestamp":"2026-04-01T14:38:21.6431696Z","severity":"INFO","service":"","traceId":"","spanId":"","thread":"main","class":"o.a.kafka.common.utils.AppInfoParser","message":"Kafka commitId: 5e3c2b738d253ff5"}
{"@timestamp":"2026-04-01T14:38:21.6452008Z","severity":"INFO","service":"","traceId":"","spanId":"","thread":"main","class":"o.a.kafka.common.utils.AppInfoParser","message":"Kafka startTimeMs: 1775054301643"}
{"@timestamp":"2026-04-01T14:38:21.653312Z","severity":"INFO","service":"","traceId":"","spanId":"","thread":"main","class":"o.s.k.c.DefaultKafkaConsumerFactory$ExtendedKafkaConsumer","message":"[Consumer clientId=consumer-service-vehicules-1, groupId=service-vehicules] Subscribed to topic(s): conducteurs"}
{"@timestamp":"2026-04-01T14:38:21.898987Z","severity":"INFO","service":"","traceId":"","spanId":"","thread":"org.springframework.kafka.KafkaListenerEndpointContainer#0-0-C-1","class":"org.apache.kafka.clients.Metadata","message":"[Consumer clientId=consumer-service-vehicules-1, groupId=service-vehicules] Cluster ID: T1ViPxaXR6-K-JD1_TDZ6Q"}
{"@timestamp":"2026-04-01T14:38:21.9140087Z","severity":"INFO","service":"","traceId":"","spanId":"","thread":"main","class":"f.sgfv.vehicules.VehiculeIntegrationTest","message":"Started VehiculeIntegrationTest in 47.898 seconds (process running for 55.703)"}
{"@timestamp":"2026-04-01T14:38:21.9203859Z","severity":"INFO","service":"","traceId":"","spanId":"","thread":"data-plane-kafka-request-handler-0","class":"k.server.DefaultAutoTopicCreationManager","message":"Sent auto-creation request for Set(__consumer_offsets) to the active controller."}
{"@timestamp":"2026-04-01T14:38:21.9286234Z","severity":"INFO","service":"","traceId":"","spanId":"","thread":"quorum-controller-0-event-handler","class":"o.a.k.c.ReplicationControlManager","message":"[QuorumController id=0] CreateTopics result(s): CreatableTopic(name='__consumer_offsets', numPartitions=50, replicationFactor=1, assignments=[], configs=[CreateableTopicConfig(name='compression.type', value='producer'), CreateableTopicConfig(name='cleanup.policy', value='compact'), CreateableTopicConfig(name='segment.bytes', value='104857600')]): SUCCESS"}
{"@timestamp":"2026-04-01T14:38:21.9299387Z","severity":"INFO","service":"","traceId":"","spanId":"","thread":"quorum-controller-0-event-handler","class":"o.a.k.c.ReplicationControlManager","message":"[QuorumController id=0] Replayed TopicRecord for topic __consumer_offsets with topic ID 8DL0r0dqRxyCc4WFFdjU6w."}
{"@timestamp":"2026-04-01T14:38:21.9308325Z","severity":"INFO","service":"","traceId":"","spanId":"","thread":"quorum-controller-0-event-handler","class":"o.a.k.c.ConfigurationControlManager","message":"[QuorumController id=0] Replayed ConfigRecord for ConfigResource(type=TOPIC, name='__consumer_offsets') which set configuration compression.type to producer"}
{"@timestamp":"2026-04-01T14:38:21.9314429Z","severity":"INFO","service":"","traceId":"","spanId":"","thread":"quorum-controller-0-event-handler","class":"o.a.k.c.ConfigurationControlManager","message":"[QuorumController id=0] Replayed ConfigRecord for ConfigResource(type=TOPIC, name='__consumer_offsets') which set configuration cleanup.policy to compact"}
{"@timestamp":"2026-04-01T14:38:21.9325599Z","severity":"INFO","service":"","traceId":"","spanId":"","thread":"quorum-controller-0-event-handler","class":"o.a.k.c.ConfigurationControlManager","message":"[QuorumController id=0] Replayed ConfigRecord for ConfigResource(type=TOPIC, name='__consumer_offsets') which set configuration segment.bytes to 104857600"}
{"@timestamp":"2026-04-01T14:38:21.9331178Z","severity":"INFO","service":"","traceId":"","spanId":"","thread":"quorum-controller-0-event-handler","class":"o.a.k.c.ReplicationControlManager","message":"[QuorumController id=0] Replayed PartitionRecord for new partition __consumer_offsets-0 with topic ID 8DL0r0dqRxyCc4WFFdjU6w and PartitionRegistration(replicas=[0], isr=[0], removingReplicas=[], addingReplicas=[], leader=0, leaderRecoveryState=RECOVERED, leaderEpoch=0, partitionEpoch=0)."}
{"@timestamp":"2026-04-01T14:38:21.9342234Z","severity":"INFO","service":"","traceId":"","spanId":"","thread":"quorum-controller-0-event-handler","class":"o.a.k.c.ReplicationControlManager","message":"[QuorumController id=0] Replayed PartitionRecord for new partition __consumer_offsets-1 with topic ID 8DL0r0dqRxyCc4WFFdjU6w and PartitionRegistration(replicas=[0], isr=[0], removingReplicas=[], addingReplicas=[], leader=0, leaderRecoveryState=RECOVERED, leaderEpoch=0, partitionEpoch=0)."}
[...]
{"@timestamp":"2026-04-01T14:38:32.0154508Z","severity":"INFO","service":"","traceId":"","spanId":"","thread":"kafka-producer-network-thread | producer-1","class":"f.s.v.kafka.VehiculeKafkaProducer","message":"[Kafka] vehicule.status.changed envoyé — partition=0 offset=1"}
{"@timestamp":"2026-04-01T14:38:32.1101845Z","severity":"INFO","service":"","traceId":"","spanId":"","thread":"kafka-producer-network-thread | producer-1","class":"f.s.v.kafka.VehiculeKafkaProducer","message":"[Kafka] vehicule.archived envoyé — partition=0 offset=2"}
{"@timestamp":"2026-04-01T14:38:32.3230894Z","severity":"INFO","service":"","traceId":"","spanId":"","thread":"main","class":"o.a.k.c.c.internals.ConsumerCoordinator","message":"[Consumer clientId=consumer-testGroup-2, groupId=testGroup] Revoke previously assigned partitions vehicules-0"}
{"@timestamp":"2026-04-01T14:38:32.3251048Z","severity":"INFO","service":"","traceId":"","spanId":"","thread":"main","class":"o.a.k.c.c.internals.ConsumerCoordinator","message":"[Consumer clientId=consumer-testGroup-2, groupId=testGroup] Member consumer-testGroup-2-014688a4-260b-477b-bd5c-8f2e7bc3edfb sending LeaveGroup request to coordinator localhost:53636 (id: 2147483647 rack: null) due to the consumer is being closed"}
{"@timestamp":"2026-04-01T14:38:32.3266179Z","severity":"INFO","service":"","traceId":"","spanId":"","thread":"main","class":"o.a.k.c.c.internals.ConsumerCoordinator","message":"[Consumer clientId=consumer-testGroup-2, groupId=testGroup] Resetting generation and member id due to: consumer pro-actively leaving the group"}
{"@timestamp":"2026-04-01T14:38:32.3266179Z","severity":"INFO","service":"","traceId":"","spanId":"","thread":"main","class":"o.a.k.c.c.internals.ConsumerCoordinator","message":"[Consumer clientId=consumer-testGroup-2, groupId=testGroup] Request joining group due to: consumer pro-actively leaving the group"}
{"@timestamp":"2026-04-01T14:38:32.4177478Z","severity":"INFO","service":"","traceId":"","spanId":"","thread":"data-plane-kafka-request-handler-5","class":"k.coordinator.group.GroupCoordinator","message":"[GroupCoordinator 0]: Preparing to rebalance group testGroup in state PreparingRebalance with old generation 1 (__consumer_offsets-49) (reason: Removing member consumer-testGroup-2-014688a4-260b-477b-bd5c-8f2e7bc3edfb on LeaveGroup; client reason: the consumer is being closed)"}
{"@timestamp":"2026-04-01T14:38:32.4285457Z","severity":"INFO","service":"","traceId":"","spanId":"","thread":"data-plane-kafka-request-handler-5","class":"k.coordinator.group.GroupCoordinator","message":"[GroupCoordinator 0]: Group testGroup with generation 2 is now empty (__consumer_offsets-49)"}
{"@timestamp":"2026-04-01T14:38:32.4513582Z","severity":"INFO","service":"","traceId":"","spanId":"","thread":"data-plane-kafka-request-handler-5","class":"k.coordinator.group.GroupCoordinator","message":"[GroupCoordinator 0]: Member MemberMetadata(memberId=consumer-testGroup-2-014688a4-260b-477b-bd5c-8f2e7bc3edfb, groupInstanceId=None, clientId=consumer-testGroup-2, clientHost=/127.0.0.1, sessionTimeoutMs=60000, rebalanceTimeoutMs=300000, supportedProtocols=List(range, cooperative-sticky)) has left group testGroup through explicit `LeaveGroup`; client reason: the consumer is being closed"}
{"@timestamp":"2026-04-01T14:38:32.5347618Z","severity":"INFO","service":"","traceId":"","spanId":"","thread":"main","class":"org.apache.kafka.common.metrics.Metrics","message":"Metrics scheduler closed"}
{"@timestamp":"2026-04-01T14:38:32.5347618Z","severity":"INFO","service":"","traceId":"","spanId":"","thread":"main","class":"org.apache.kafka.common.metrics.Metrics","message":"Closing reporter org.apache.kafka.common.metrics.JmxReporter"}
{"@timestamp":"2026-04-01T14:38:32.5347618Z","severity":"INFO","service":"","traceId":"","spanId":"","thread":"main","class":"org.apache.kafka.common.metrics.Metrics","message":"Metrics reporters closed"}
{"@timestamp":"2026-04-01T14:38:32.5487653Z","severity":"INFO","service":"","traceId":"","spanId":"","thread":"main","class":"o.a.kafka.common.utils.AppInfoParser","message":"App info kafka.consumer for consumer-testGroup-2 unregistered"}
]]></system-out>
    <system-err><![CDATA[WARNING: A Java agent has been loaded dynamically (C:\Users\Lynda\.m2\repository\net\bytebuddy\byte-buddy-agent\1.14.12\byte-buddy-agent-1.14.12.jar)
WARNING: If a serviceability tool is in use, please run with -XX:+EnableDynamicAgentLoading to hide this warning
WARNING: If a serviceability tool is not in use, please run with -Djdk.instrument.traceUsage for more information
WARNING: Dynamic loading of agents will be disallowed by default in a future release
]]></system-err>
  </testcase>
  <testcase name="testErrorPaths" classname="fr.sgfv.vehicules.VehiculeIntegrationTest" time="0.229">
    <system-out><![CDATA[{"@timestamp":"2026-04-01T14:38:32.7487975Z","severity":"INFO","service":"","traceId":"","spanId":"","thread":"main","class":"o.a.k.clients.consumer.ConsumerConfig","message":"ConsumerConfig values: \r\n\tallow.auto.create.topics = true\r\n\tauto.commit.interval.ms = 10\r\n\tauto.include.jmx.reporter = true\r\n\tauto.offset.reset = earliest\r\n\tbootstrap.servers = [localhost:53636]\r\n\tcheck.crcs = true\r\n\tclient.dns.lookup = use_all_dns_ips\r\n\tclient.id = consumer-testGroup-3\r\n\tclient.rack = \r\n\tconnections.max.idle.ms = 540000\r\n\tdefault.api.timeout.ms = 60000\r\n\tenable.auto.commit = true\r\n\texclude.internal.topics = true\r\n\tfetch.max.bytes = 52428800\r\n\tfetch.max.wait.ms = 500\r\n\tfetch.min.bytes = 1\r\n\tgroup.id = testGroup\r\n\tgroup.instance.id = null\r\n\theartbeat.interval.ms = 3000\r\n\tinterceptor.classes = []\r\n\tinternal.leave.group.on.close = true\r\n\tinternal.throw.on.fetch.stable.offset.unsupported = false\r\n\tisolation.level = read_uncommitted\r\n\tkey.deserializer = class org.apache.kafka.common.serialization.StringDeserializer\r\n\tmax.partition.fetch.bytes = 1048576\r\n\tmax.poll.interval.ms = 300000\r\n\tmax.poll.records = 500\r\n\tmetadata.max.age.ms = 300000\r\n\tmetric.reporters = []\r\n\tmetrics.num.samples = 2\r\n\tmetrics.recording.level = INFO\r\n\tmetrics.sample.window.ms = 30000\r\n\tpartition.assignment.strategy = [class org.apache.kafka.clients.consumer.RangeAssignor, class org.apache.kafka.clients.consumer.CooperativeStickyAssignor]\r\n\treceive.buffer.bytes = 65536\r\n\treconnect.backoff.max.ms = 1000\r\n\treconnect.backoff.ms = 50\r\n\trequest.timeout.ms = 30000\r\n\tretry.backoff.ms = 100\r\n\tsasl.client.callback.handler.class = null\r\n\tsasl.jaas.config = null\r\n\tsasl.kerberos.kinit.cmd = /usr/bin/kinit\r\n\tsasl.kerberos.min.time.before.relogin = 60000\r\n\tsasl.kerberos.service.name = null\r\n\tsasl.kerberos.ticket.renew.jitter = 0.05\r\n\tsasl.kerberos.ticket.renew.window.factor = 0.8\r\n\tsasl.login.callback.handler.class = null\r\n\tsasl.login.class = null\r\n\tsasl.login.connect.timeout.ms = null\r\n\tsasl.login.read.timeout.ms = null\r\n\tsasl.login.refresh.buffer.seconds = 300\r\n\tsasl.login.refresh.min.period.seconds = 60\r\n\tsasl.login.refresh.window.factor = 0.8\r\n\tsasl.login.refresh.window.jitter = 0.05\r\n\tsasl.login.retry.backoff.max.ms = 10000\r\n\tsasl.login.retry.backoff.ms = 100\r\n\tsasl.mechanism = GSSAPI\r\n\tsasl.oauthbearer.clock.skew.seconds = 30\r\n\tsasl.oauthbearer.expected.audience = null\r\n\tsasl.oauthbearer.expected.issuer = null\r\n\tsasl.oauthbearer.jwks.endpoint.refresh.ms = 3600000\r\n\tsasl.oauthbearer.jwks.endpoint.retry.backoff.max.ms = 10000\r\n\tsasl.oauthbearer.jwks.endpoint.retry.backoff.ms = 100\r\n\tsasl.oauthbearer.jwks.endpoint.url = null\r\n\tsasl.oauthbearer.scope.claim.name = scope\r\n\tsasl.oauthbearer.sub.claim.name = sub\r\n\tsasl.oauthbearer.token.endpoint.url = null\r\n\tsecurity.protocol = PLAINTEXT\r\n\tsecurity.providers = null\r\n\tsend.buffer.bytes = 131072\r\n\tsession.timeout.ms = 60000\r\n\tsocket.connection.setup.timeout.max.ms = 30000\r\n\tsocket.connection.setup.timeout.ms = 10000\r\n\tssl.cipher.suites = null\r\n\tssl.enabled.protocols = [TLSv1.2, TLSv1.3]\r\n\tssl.endpoint.identification.algorithm = https\r\n\tssl.engine.factory.class = null\r\n\tssl.key.password = null\r\n\tssl.keymanager.algorithm = SunX509\r\n\tssl.keystore.certificate.chain = null\r\n\tssl.keystore.key = null\r\n\tssl.keystore.location = null\r\n\tssl.keystore.password = null\r\n\tssl.keystore.type = JKS\r\n\tssl.protocol = TLSv1.3\r\n\tssl.provider = null\r\n\tssl.secure.random.implementation = null\r\n\tssl.trustmanager.algorithm = PKIX\r\n\tssl.truststore.certificates = null\r\n\tssl.truststore.location = null\r\n\tssl.truststore.password = null\r\n\tssl.truststore.type = JKS\r\n\tvalue.deserializer = class org.springframework.kafka.support.serializer.JsonDeserializer\r\n"}
{"@timestamp":"2026-04-01T14:38:32.7659152Z","severity":"INFO","service":"","traceId":"","spanId":"","thread":"main","class":"o.a.kafka.common.utils.AppInfoParser","message":"Kafka version: 3.6.1"}
{"@timestamp":"2026-04-01T14:38:32.7659152Z","severity":"INFO","service":"","traceId":"","spanId":"","thread":"main","class":"o.a.kafka.common.utils.AppInfoParser","message":"Kafka commitId: 5e3c2b738d253ff5"}
{"@timestamp":"2026-04-01T14:38:32.7659152Z","severity":"INFO","service":"","traceId":"","spanId":"","thread":"main","class":"o.a.kafka.common.utils.AppInfoParser","message":"Kafka startTimeMs: 1775054312765"}
{"@timestamp":"2026-04-01T14:38:32.7659152Z","severity":"INFO","service":"","traceId":"","spanId":"","thread":"main","class":"o.s.k.c.DefaultKafkaConsumerFactory$ExtendedKafkaConsumer","message":"[Consumer clientId=consumer-testGroup-3, groupId=testGroup] Subscribed to topic(s): vehicules"}
{"@timestamp":"2026-04-01T14:38:32.8601584Z","severity":"INFO","service":"","traceId":"","spanId":"","thread":"main","class":"o.a.k.c.c.internals.ConsumerCoordinator","message":"[Consumer clientId=consumer-testGroup-3, groupId=testGroup] Resetting generation and member id due to: consumer pro-actively leaving the group"}
{"@timestamp":"2026-04-01T14:38:32.8621926Z","severity":"INFO","service":"","traceId":"","spanId":"","thread":"main","class":"o.a.k.c.c.internals.ConsumerCoordinator","message":"[Consumer clientId=consumer-testGroup-3, groupId=testGroup] Request joining group due to: consumer pro-actively leaving the group"}
{"@timestamp":"2026-04-01T14:38:32.8621926Z","severity":"INFO","service":"","traceId":"","spanId":"","thread":"main","class":"org.apache.kafka.common.metrics.Metrics","message":"Metrics scheduler closed"}
{"@timestamp":"2026-04-01T14:38:32.863713Z","severity":"INFO","service":"","traceId":"","spanId":"","thread":"main","class":"org.apache.kafka.common.metrics.Metrics","message":"Closing reporter org.apache.kafka.common.metrics.JmxReporter"}
{"@timestamp":"2026-04-01T14:38:32.863713Z","severity":"INFO","service":"","traceId":"","spanId":"","thread":"main","class":"org.apache.kafka.common.metrics.Metrics","message":"Metrics reporters closed"}
{"@timestamp":"2026-04-01T14:38:32.8678262Z","severity":"INFO","service":"","traceId":"","spanId":"","thread":"main","class":"o.a.kafka.common.utils.AppInfoParser","message":"App info kafka.consumer for consumer-testGroup-3 unregistered"}
]]></system-out>
  </testcase>
  <testcase name="testKafkaConsumerEvent" classname="fr.sgfv.vehicules.VehiculeIntegrationTest" time="0.527">
    <system-out><![CDATA[{"@timestamp":"2026-04-01T14:38:32.9227869Z","severity":"INFO","service":"","traceId":"","spanId":"","thread":"main","class":"o.a.k.clients.consumer.ConsumerConfig","message":"ConsumerConfig values: \r\n\tallow.auto.create.topics = true\r\n\tauto.commit.interval.ms = 10\r\n\tauto.include.jmx.reporter = true\r\n\tauto.offset.reset = earliest\r\n\tbootstrap.servers = [localhost:53636]\r\n\tcheck.crcs = true\r\n\tclient.dns.lookup = use_all_dns_ips\r\n\tclient.id = consumer-testGroup-4\r\n\tclient.rack = \r\n\tconnections.max.idle.ms = 540000\r\n\tdefault.api.timeout.ms = 60000\r\n\tenable.auto.commit = true\r\n\texclude.internal.topics = true\r\n\tfetch.max.bytes = 52428800\r\n\tfetch.max.wait.ms = 500\r\n\tfetch.min.bytes = 1\r\n\tgroup.id = testGroup\r\n\tgroup.instance.id = null\r\n\theartbeat.interval.ms = 3000\r\n\tinterceptor.classes = []\r\n\tinternal.leave.group.on.close = true\r\n\tinternal.throw.on.fetch.stable.offset.unsupported = false\r\n\tisolation.level = read_uncommitted\r\n\tkey.deserializer = class org.apache.kafka.common.serialization.StringDeserializer\r\n\tmax.partition.fetch.bytes = 1048576\r\n\tmax.poll.interval.ms = 300000\r\n\tmax.poll.records = 500\r\n\tmetadata.max.age.ms = 300000\r\n\tmetric.reporters = []\r\n\tmetrics.num.samples = 2\r\n\tmetrics.recording.level = INFO\r\n\tmetrics.sample.window.ms = 30000\r\n\tpartition.assignment.strategy = [class org.apache.kafka.clients.consumer.RangeAssignor, class org.apache.kafka.clients.consumer.CooperativeStickyAssignor]\r\n\treceive.buffer.bytes = 65536\r\n\treconnect.backoff.max.ms = 1000\r\n\treconnect.backoff.ms = 50\r\n\trequest.timeout.ms = 30000\r\n\tretry.backoff.ms = 100\r\n\tsasl.client.callback.handler.class = null\r\n\tsasl.jaas.config = null\r\n\tsasl.kerberos.kinit.cmd = /usr/bin/kinit\r\n\tsasl.kerberos.min.time.before.relogin = 60000\r\n\tsasl.kerberos.service.name = null\r\n\tsasl.kerberos.ticket.renew.jitter = 0.05\r\n\tsasl.kerberos.ticket.renew.window.factor = 0.8\r\n\tsasl.login.callback.handler.class = null\r\n\tsasl.login.class = null\r\n\tsasl.login.connect.timeout.ms = null\r\n\tsasl.login.read.timeout.ms = null\r\n\tsasl.login.refresh.buffer.seconds = 300\r\n\tsasl.login.refresh.min.period.seconds = 60\r\n\tsasl.login.refresh.window.factor = 0.8\r\n\tsasl.login.refresh.window.jitter = 0.05\r\n\tsasl.login.retry.backoff.max.ms = 10000\r\n\tsasl.login.retry.backoff.ms = 100\r\n\tsasl.mechanism = GSSAPI\r\n\tsasl.oauthbearer.clock.skew.seconds = 30\r\n\tsasl.oauthbearer.expected.audience = null\r\n\tsasl.oauthbearer.expected.issuer = null\r\n\tsasl.oauthbearer.jwks.endpoint.refresh.ms = 3600000\r\n\tsasl.oauthbearer.jwks.endpoint.retry.backoff.max.ms = 10000\r\n\tsasl.oauthbearer.jwks.endpoint.retry.backoff.ms = 100\r\n\tsasl.oauthbearer.jwks.endpoint.url = null\r\n\tsasl.oauthbearer.scope.claim.name = scope\r\n\tsasl.oauthbearer.sub.claim.name = sub\r\n\tsasl.oauthbearer.token.endpoint.url = null\r\n\tsecurity.protocol = PLAINTEXT\r\n\tsecurity.providers = null\r\n\tsend.buffer.bytes = 131072\r\n\tsession.timeout.ms = 60000\r\n\tsocket.connection.setup.timeout.max.ms = 30000\r\n\tsocket.connection.setup.timeout.ms = 10000\r\n\tssl.cipher.suites = null\r\n\tssl.enabled.protocols = [TLSv1.2, TLSv1.3]\r\n\tssl.endpoint.identification.algorithm = https\r\n\tssl.engine.factory.class = null\r\n\tssl.key.password = null\r\n\tssl.keymanager.algorithm = SunX509\r\n\tssl.keystore.certificate.chain = null\r\n\tssl.keystore.key = null\r\n\tssl.keystore.location = null\r\n\tssl.keystore.password = null\r\n\tssl.keystore.type = JKS\r\n\tssl.protocol = TLSv1.3\r\n\tssl.provider = null\r\n\tssl.secure.random.implementation = null\r\n\tssl.trustmanager.algorithm = PKIX\r\n\tssl.truststore.certificates = null\r\n\tssl.truststore.location = null\r\n\tssl.truststore.password = null\r\n\tssl.truststore.type = JKS\r\n\tvalue.deserializer = class org.springframework.kafka.support.serializer.JsonDeserializer\r\n"}
{"@timestamp":"2026-04-01T14:38:32.9412678Z","severity":"INFO","service":"","traceId":"","spanId":"","thread":"main","class":"o.a.kafka.common.utils.AppInfoParser","message":"Kafka version: 3.6.1"}
{"@timestamp":"2026-04-01T14:38:32.9412678Z","severity":"INFO","service":"","traceId":"","spanId":"","thread":"main","class":"o.a.kafka.common.utils.AppInfoParser","message":"Kafka commitId: 5e3c2b738d253ff5"}
{"@timestamp":"2026-04-01T14:38:32.9412678Z","severity":"INFO","service":"","traceId":"","spanId":"","thread":"main","class":"o.a.kafka.common.utils.AppInfoParser","message":"Kafka startTimeMs: 1775054312941"}
{"@timestamp":"2026-04-01T14:38:32.9412678Z","severity":"INFO","service":"","traceId":"","spanId":"","thread":"main","class":"o.s.k.c.DefaultKafkaConsumerFactory$ExtendedKafkaConsumer","message":"[Consumer clientId=consumer-testGroup-4, groupId=testGroup] Subscribed to topic(s): vehicules"}
{"@timestamp":"2026-04-01T14:38:33.0023979Z","severity":"INFO","service":"","traceId":"","spanId":"","thread":"org.springframework.kafka.KafkaListenerEndpointContainer#0-0-C-1","class":"f.s.v.kafka.ConducteurKafkaConsumer","message":"[Kafka] Événement reçu : conducteur.assigned"}
{"@timestamp":"2026-04-01T14:38:33.0079823Z","severity":"INFO","service":"","traceId":"","spanId":"","thread":"org.springframework.kafka.KafkaListenerEndpointContainer#0-0-C-1","class":"f.s.v.kafka.ConducteurKafkaConsumer","message":"[Kafka] conducteur.assigned — véhicule 1dbef78b-5fa4-4a9a-bf0c-b0abb34a811b → conducteur 1197bb46-3543-4ca1-b962-4f9595c7c0e8"}
{"@timestamp":"2026-04-01T14:38:33.1140738Z","severity":"INFO","service":"","traceId":"","spanId":"","thread":"org.springframework.kafka.KafkaListenerEndpointContainer#0-0-C-1","class":"f.s.v.kafka.ConducteurKafkaConsumer","message":"[Kafka] Événement reçu : conducteur.unassigned"}
{"@timestamp":"2026-04-01T14:38:33.1212729Z","severity":"INFO","service":"","traceId":"","spanId":"","thread":"org.springframework.kafka.KafkaListenerEndpointContainer#0-0-C-1","class":"f.s.v.kafka.ConducteurKafkaConsumer","message":"[Kafka] conducteur.unassigned — véhicule 1dbef78b-5fa4-4a9a-bf0c-b0abb34a811b libéré"}
{"@timestamp":"2026-04-01T14:38:33.2596871Z","severity":"INFO","service":"","traceId":"","spanId":"","thread":"org.springframework.kafka.KafkaListenerEndpointContainer#0-0-C-1","class":"f.s.v.kafka.ConducteurKafkaConsumer","message":"[Kafka] Événement reçu : conducteur.deactivated"}
{"@timestamp":"2026-04-01T14:38:33.2668085Z","severity":"INFO","service":"","traceId":"","spanId":"","thread":"org.springframework.kafka.KafkaListenerEndpointContainer#0-0-C-1","class":"f.s.v.kafka.ConducteurKafkaConsumer","message":"[Kafka] conducteur.deactivated — véhicule 1dbef78b-5fa4-4a9a-bf0c-b0abb34a811b libéré"}
{"@timestamp":"2026-04-01T14:38:33.384853Z","severity":"INFO","service":"","traceId":"","spanId":"","thread":"main","class":"o.a.k.c.c.internals.ConsumerCoordinator","message":"[Consumer clientId=consumer-testGroup-4, groupId=testGroup] Resetting generation and member id due to: consumer pro-actively leaving the group"}
{"@timestamp":"2026-04-01T14:38:33.384853Z","severity":"INFO","service":"","traceId":"","spanId":"","thread":"main","class":"o.a.k.c.c.internals.ConsumerCoordinator","message":"[Consumer clientId=consumer-testGroup-4, groupId=testGroup] Request joining group due to: consumer pro-actively leaving the group"}
{"@timestamp":"2026-04-01T14:38:33.3854148Z","severity":"INFO","service":"","traceId":"","spanId":"","thread":"main","class":"org.apache.kafka.common.metrics.Metrics","message":"Metrics scheduler closed"}
{"@timestamp":"2026-04-01T14:38:33.3854148Z","severity":"INFO","service":"","traceId":"","spanId":"","thread":"main","class":"org.apache.kafka.common.metrics.Metrics","message":"Closing reporter org.apache.kafka.common.metrics.JmxReporter"}
{"@timestamp":"2026-04-01T14:38:33.3879557Z","severity":"INFO","service":"","traceId":"","spanId":"","thread":"main","class":"org.apache.kafka.common.metrics.Metrics","message":"Metrics reporters closed"}
{"@timestamp":"2026-04-01T14:38:33.3993076Z","severity":"INFO","service":"","traceId":"","spanId":"","thread":"main","class":"o.a.kafka.common.utils.AppInfoParser","message":"App info kafka.consumer for consumer-testGroup-4 unregistered"}
]]></system-out>
  </testcase>
</testsuite>